This is pdfTeX, Version 3.141592653-2.6-1.40.23 (TeX Live 2022/dev) (preloaded format=pdflatex 2022.2.28)  13 MAR 2022 20:14
entering extended mode
 restricted \write18 enabled.
 %&-line parsing enabled.
**qualityassessment.tex
(./qualityassessment.tex
LaTeX2e <2021-11-15> patch level 1
L3 programming layer <2022-02-24> (./sphinxmanual.cls
Document Class: sphinxmanual 2019/12/01 v2.3.0 Document class (Sphinx manual)
(/usr/local/texlive/2021/texmf-dist/tex/latex/base/report.cls
Document Class: report 2021/10/04 v1.4n Standard LaTeX document class
(/usr/local/texlive/2021/texmf-dist/tex/latex/base/size10.clo
File: size10.clo 2021/10/04 v1.4n Standard LaTeX file (size option)
)
\c@part=\count185
\c@chapter=\count186
\c@section=\count187
\c@subsection=\count188
\c@subsubsection=\count189
\c@paragraph=\count190
\c@subparagraph=\count191
\c@figure=\count192
\c@table=\count193
\abovecaptionskip=\skip47
\belowcaptionskip=\skip48
\bibindent=\dimen138
)
LaTeX Info: Redefining \and on input line 35.
)
(/usr/local/texlive/2021/texmf-dist/tex/latex/base/inputenc.sty
Package: inputenc 2021/02/14 v1.3d Input encoding file
\inpenc@prehook=\toks16
\inpenc@posthook=\toks17
)
   defining Unicode char U+00A0 (decimal 160)
   defining Unicode char U+2500 (decimal 9472)
   defining Unicode char U+2502 (decimal 9474)
   defining Unicode char U+2514 (decimal 9492)
   defining Unicode char U+251C (decimal 9500)
   defining Unicode char U+2572 (decimal 9586)

(/usr/local/texlive/2021/texmf-dist/tex/latex/cmap/cmap.sty
Package: cmap 2021/02/06 v1.0j CMap support: searchable PDF
)
(/usr/local/texlive/2021/texmf-dist/tex/latex/base/fontenc.sty
Package: fontenc 2021/04/29 v2.0v Standard LaTeX package
<<t1.cmap>>)
(/usr/local/texlive/2021/texmf-dist/tex/latex/amsmath/amsmath.sty
Package: amsmath 2021/10/15 v2.17l AMS math features
\@mathmargin=\skip49

For additional information on amsmath, use the `?' option.
(/usr/local/texlive/2021/texmf-dist/tex/latex/amsmath/amstext.sty
Package: amstext 2021/08/26 v2.01 AMS text

(/usr/local/texlive/2021/texmf-dist/tex/latex/amsmath/amsgen.sty
File: amsgen.sty 1999/11/30 v2.0 generic functions
\@emptytoks=\toks18
\ex@=\dimen139
))
(/usr/local/texlive/2021/texmf-dist/tex/latex/amsmath/amsbsy.sty
Package: amsbsy 1999/11/29 v1.2d Bold Symbols
\pmbraise@=\dimen140
)
(/usr/local/texlive/2021/texmf-dist/tex/latex/amsmath/amsopn.sty
Package: amsopn 2021/08/26 v2.02 operator names
)
\inf@bad=\count194
LaTeX Info: Redefining \frac on input line 234.
\uproot@=\count195
\leftroot@=\count196
LaTeX Info: Redefining \overline on input line 399.
\classnum@=\count197
\DOTSCASE@=\count198
LaTeX Info: Redefining \ldots on input line 496.
LaTeX Info: Redefining \dots on input line 499.
LaTeX Info: Redefining \cdots on input line 620.
\Mathstrutbox@=\box50
\strutbox@=\box51
\big@size=\dimen141
LaTeX Font Info:    Redeclaring font encoding OML on input line 743.
LaTeX Font Info:    Redeclaring font encoding OMS on input line 744.
\macc@depth=\count199
\c@MaxMatrixCols=\count266
\dotsspace@=\muskip16
\c@parentequation=\count267
\dspbrk@lvl=\count268
\tag@help=\toks19
\row@=\count269
\column@=\count270
\maxfields@=\count271
\andhelp@=\toks20
\eqnshift@=\dimen142
\alignsep@=\dimen143
\tagshift@=\dimen144
\tagwidth@=\dimen145
\totwidth@=\dimen146
\lineht@=\dimen147
\@envbody=\toks21
\multlinegap=\skip50
\multlinetaggap=\skip51
\mathdisplay@stack=\toks22
LaTeX Info: Redefining \[ on input line 2938.
LaTeX Info: Redefining \] on input line 2939.
)
(/usr/local/texlive/2021/texmf-dist/tex/latex/amsfonts/amssymb.sty
Package: amssymb 2013/01/14 v3.01 AMS font symbols

(/usr/local/texlive/2021/texmf-dist/tex/latex/amsfonts/amsfonts.sty
Package: amsfonts 2013/01/14 v3.01 Basic AMSFonts support
\symAMSa=\mathgroup4
\symAMSb=\mathgroup5
LaTeX Font Info:    Redeclaring math symbol \hbar on input line 98.
LaTeX Font Info:    Overwriting math alphabet `\mathfrak' in version `bold'
(Font)                  U/euf/m/n --> U/euf/b/n on input line 106.
))
(/usr/local/texlive/2021/texmf-dist/tex/generic/babel/babel.sty
Package: babel 2022/02/26 3.73 The Babel package
\babel@savecnt=\count272
\U@D=\dimen148
\l@unhyphenated=\language87

(/usr/local/texlive/2021/texmf-dist/tex/generic/babel/txtbabel.def)
\bbl@readstream=\read2
\bbl@dirlevel=\count273

(/usr/local/texlive/2021/texmf-dist/tex/generic/babel-english/english.ldf
Language: english 2017/06/06 v3.3r English support from the babel system
Package babel Info: Hyphen rules for 'canadian' set to \l@english
(babel)             (\language0). Reported on input line 102.
Package babel Info: Hyphen rules for 'australian' set to \l@ukenglish
(babel)             (\language21). Reported on input line 105.
Package babel Info: Hyphen rules for 'newzealand' set to \l@ukenglish
(babel)             (\language21). Reported on input line 108.
))
(/usr/local/texlive/2021/texmf-dist/tex/latex/tex-gyre/tgtermes.sty
Package: tgtermes 2009/09/27 v1.2 TeX Gyre Termes as default roman family

(/usr/local/texlive/2021/texmf-dist/tex/latex/kvoptions/kvoptions.sty
Package: kvoptions 2020-10-07 v3.14 Key value format for package options (HO)

(/usr/local/texlive/2021/texmf-dist/tex/latex/graphics/keyval.sty
Package: keyval 2014/10/28 v1.15 key=value parser (DPC)
\KV@toks@=\toks23
)
(/usr/local/texlive/2021/texmf-dist/tex/generic/ltxcmds/ltxcmds.sty
Package: ltxcmds 2020-05-10 v1.25 LaTeX kernel commands for general use (HO)
)
(/usr/local/texlive/2021/texmf-dist/tex/generic/kvsetkeys/kvsetkeys.sty
Package: kvsetkeys 2019/12/15 v1.18 Key value parser (HO)
)))
(/usr/local/texlive/2021/texmf-dist/tex/latex/tex-gyre/tgheros.sty
Package: tgheros 2009/09/27 v1.2 TeX Gyre Heros as default sans serif family
)
(/usr/local/texlive/2021/texmf-dist/tex/latex/fncychap/fncychap.sty
Package: fncychap 2007/07/30 v1.34 LaTeX package (Revised chapters)
\RW=\skip52
\mylen=\skip53
\myhi=\skip54
\px=\skip55
\py=\skip56
\pyy=\skip57
\pxx=\skip58
\c@AlphaCnt=\count274
\c@AlphaDecCnt=\count275
)
(./sphinx.sty
Package: sphinx 2021/01/27 v4.0.0 LaTeX package (Sphinx markup)
 (/usr/local/texlive/2021/texmf-dist/tex/latex/xcolor/xcolor.sty
Package: xcolor 2021/10/31 v2.13 LaTeX color extensions (UK)

(/usr/local/texlive/2021/texmf-dist/tex/latex/graphics-cfg/color.cfg
File: color.cfg 2016/01/02 v1.6 sample color configuration
)
Package xcolor Info: Driver file: pdftex.def on input line 227.

(/usr/local/texlive/2021/texmf-dist/tex/latex/graphics-def/pdftex.def
File: pdftex.def 2020/10/05 v1.2a Graphics/color driver for pdftex
)
Package xcolor Info: Model `cmy' substituted by `cmy0' on input line 1352.
Package xcolor Info: Model `hsb' substituted by `rgb' on input line 1356.
Package xcolor Info: Model `RGB' extended on input line 1368.
Package xcolor Info: Model `HTML' substituted by `rgb' on input line 1370.
Package xcolor Info: Model `Hsb' substituted by `hsb' on input line 1371.
Package xcolor Info: Model `tHsb' substituted by `hsb' on input line 1372.
Package xcolor Info: Model `HSB' substituted by `hsb' on input line 1373.
Package xcolor Info: Model `Gray' substituted by `gray' on input line 1374.
Package xcolor Info: Model `wave' substituted by `hsb' on input line 1375.
)
\sphinxverbatimsep=\dimen149
\sphinxverbatimborder=\dimen150
\sphinxshadowsep=\dimen151
\sphinxshadowsize=\dimen152
\sphinxshadowrule=\dimen153
\spx@notice@border=\dimen154

(./sphinxoptionshyperref.sty
File: sphinxoptionshyperref.sty 2021/01/27 hyperref
) (./sphinxoptionsgeometry.sty
File: sphinxoptionsgeometry.sty 2021/01/27 geometry
)
(/usr/local/texlive/2021/texmf-dist/tex/latex/base/textcomp.sty
Package: textcomp 2020/02/02 v2.0n Standard LaTeX package
)
(/usr/local/texlive/2021/texmf-dist/tex/latex/float/float.sty
Package: float 2001/11/08 v1.3d Float enhancements (AL)
\c@float@type=\count276
\float@exts=\toks24
\float@box=\box52
\@float@everytoks=\toks25
\@floatcapt=\box53
)
(/usr/local/texlive/2021/texmf-dist/tex/latex/wrapfig/wrapfig.sty
\wrapoverhang=\dimen155
\WF@size=\dimen156
\c@WF@wrappedlines=\count277
\WF@box=\box54
\WF@everypar=\toks26
Package: wrapfig 2003/01/31  v 3.6
)
(/usr/local/texlive/2021/texmf-dist/tex/latex/capt-of/capt-of.sty
Package: capt-of 2009/12/29 v0.2 standard captions outside of floats
)
(/usr/local/texlive/2021/texmf-dist/tex/latex/tools/multicol.sty
Package: multicol 2021/10/28 v1.9b multicolumn formatting (FMi)
\c@tracingmulticols=\count278
\mult@box=\box55
\multicol@leftmargin=\dimen157
\c@unbalance=\count279
\c@collectmore=\count280
\doublecol@number=\count281
\multicoltolerance=\count282
\multicolpretolerance=\count283
\full@width=\dimen158
\page@free=\dimen159
\premulticols=\dimen160
\postmulticols=\dimen161
\multicolsep=\skip59
\multicolbaselineskip=\skip60
\partial@page=\box56
\last@line=\box57
\maxbalancingoverflow=\dimen162
\mult@rightbox=\box58
\mult@grightbox=\box59
\mult@firstbox=\box60
\mult@gfirstbox=\box61
\@tempa=\box62
\@tempa=\box63
\@tempa=\box64
\@tempa=\box65
\@tempa=\box66
\@tempa=\box67
\@tempa=\box68
\@tempa=\box69
\@tempa=\box70
\@tempa=\box71
\@tempa=\box72
\@tempa=\box73
\@tempa=\box74
\@tempa=\box75
\@tempa=\box76
\@tempa=\box77
\@tempa=\box78
\@tempa=\box79
\@tempa=\box80
\@tempa=\box81
\@tempa=\box82
\@tempa=\box83
\@tempa=\box84
\@tempa=\box85
\@tempa=\box86
\@tempa=\box87
\@tempa=\box88
\@tempa=\box89
\@tempa=\box90
\@tempa=\box91
\@tempa=\box92
\@tempa=\box93
\@tempa=\box94
\@tempa=\box95
\@tempa=\box96
\@tempa=\box97
\c@minrows=\count284
\c@columnbadness=\count285
\c@finalcolumnbadness=\count286
\last@try=\dimen163
\multicolovershoot=\dimen164
\multicolundershoot=\dimen165
\mult@nat@firstbox=\box98
\colbreak@box=\box99
\mc@col@check@num=\count287
)
(/usr/local/texlive/2021/texmf-dist/tex/latex/graphics/graphicx.sty
Package: graphicx 2021/09/16 v1.2d Enhanced LaTeX Graphics (DPC,SPQR)

(/usr/local/texlive/2021/texmf-dist/tex/latex/graphics/graphics.sty
Package: graphics 2021/03/04 v1.4d Standard LaTeX Graphics (DPC,SPQR)

(/usr/local/texlive/2021/texmf-dist/tex/latex/graphics/trig.sty
Package: trig 2021/08/11 v1.11 sin cos tan (DPC)
)
(/usr/local/texlive/2021/texmf-dist/tex/latex/graphics-cfg/graphics.cfg
File: graphics.cfg 2016/06/04 v1.11 sample graphics configuration
)
Package graphics Info: Driver file: pdftex.def on input line 107.
)
\Gin@req@height=\dimen166
\Gin@req@width=\dimen167
)
(./sphinxlatexgraphics.sty
File: sphinxlatexgraphics.sty 2021/01/27 graphics
\spx@image@maxheight=\dimen168
\spx@image@box=\box100
) (./sphinxlatexadmonitions.sty
File: sphinxlatexadmonitions.sty 2021/01/27 admonitions

(/usr/local/texlive/2021/texmf-dist/tex/latex/framed/framed.sty
Package: framed 2011/10/22 v 0.96: framed or shaded text with page breaks
\OuterFrameSep=\skip61
\fb@frw=\dimen169
\fb@frh=\dimen170
\FrameRule=\dimen171
\FrameSep=\dimen172
))
(./sphinxlatexliterals.sty
File: sphinxlatexliterals.sty 2021/12/06 code-blocks and parsed literals

(/usr/local/texlive/2021/texmf-dist/tex/latex/fancyvrb/fancyvrb.sty
Package: fancyvrb 2021/12/21 4.1b verbatim text (tvz,hv)
\FV@CodeLineNo=\count288
\FV@InFile=\read3
\FV@TabBox=\box101
\c@FancyVerbLine=\count289
\FV@StepNumber=\count290
\FV@OutFile=\write3
)
(/usr/local/texlive/2021/texmf-dist/tex/latex/base/alltt.sty
Package: alltt 2021/01/29 v2.0g defines alltt environment
)
(/usr/local/texlive/2021/texmf-dist/tex/latex/upquote/upquote.sty
Package: upquote 2012/04/19 v1.3 upright-quote and grave-accent glyphs in verba
tim
)
(/usr/local/texlive/2021/texmf-dist/tex/latex/needspace/needspace.sty
Package: needspace 2010/09/12 v1.3d reserve vertical space
)
\sphinxcontinuationbox=\box102
\sphinxvisiblespacebox=\box103
\sphinxVerbatim@TitleBox=\box104
\sphinxVerbatim@ContentsBox=\box105
\spx@scratchbox=\box106
)
(./sphinxlatexshadowbox.sty
File: sphinxlatexshadowbox.sty 2021/01/27 sphinxShadowBox
) (./sphinxlatexcontainers.sty
File: sphinxlatexcontainers.sty 2021/05/03 containers
)
(./sphinxhighlight.sty
Package: sphinxhighlight 2016/05/29 stylesheet for highlighting with pygments
) (./sphinxlatextables.sty
File: sphinxlatextables.sty 2021/01/27 tables

(/usr/local/texlive/2021/texmf-dist/tex/latex/tabulary/tabulary.sty
Package: tabulary 2014/06/11 v0.10 tabulary package (DPC)

(/usr/local/texlive/2021/texmf-dist/tex/latex/tools/array.sty
Package: array 2021/10/04 v2.5f Tabular extension package (FMi)
\col@sep=\dimen173
\ar@mcellbox=\box107
\extrarowheight=\dimen174
\NC@list=\toks27
\extratabsurround=\skip62
\backup@length=\skip63
\ar@cellbox=\box108
)
\TY@count=\count291
\TY@linewidth=\dimen175
\tymin=\dimen176
\tymax=\dimen177
\TY@tablewidth=\dimen178
)
(/usr/local/texlive/2021/texmf-dist/tex/latex/tools/longtable.sty
Package: longtable 2021-09-01 v4.17 Multi-page Table package (DPC)
\LTleft=\skip64
\LTright=\skip65
\LTpre=\skip66
\LTpost=\skip67
\LTchunksize=\count292
\LTcapwidth=\dimen179
\LT@head=\box109
\LT@firsthead=\box110
\LT@foot=\box111
\LT@lastfoot=\box112
\LT@gbox=\box113
\LT@cols=\count293
\LT@rows=\count294
\c@LT@tables=\count295
\c@LT@chunks=\count296
\LT@p@ftn=\toks28
)
(/usr/local/texlive/2021/texmf-dist/tex/latex/varwidth/varwidth.sty
Package: varwidth 2009/03/30 ver 0.92;  Variable-width minipages
\@vwid@box=\box114
\sift@deathcycles=\count297
\@vwid@loff=\dimen180
\@vwid@roff=\dimen181
)
\sphinx@TY@tablewidth=\dimen182
)
(./sphinxlatexnumfig.sty
File: sphinxlatexnumfig.sty 2021/01/27 numbering
) (./sphinxlatexlists.sty
File: sphinxlatexlists.sty 2021/01/27 lists
)
\c@sphinxscope=\count298
\c@sphinxexplicit=\count299
 (./sphinxpackagefootnote.sty
Package: sphinxpackagefootnote 2021/02/04 v1.1d footnotehyper adapted to sphinx
 (Sphinx team)
\FNH@notes=\box115
\FNH@toks=\toks29
\FNH@width=\dimen183
) (./sphinxlatexindbibtoc.sty
File: sphinxlatexindbibtoc.sty 2021/01/27 index, bib., toc

(/usr/local/texlive/2021/texmf-dist/tex/latex/base/makeidx.sty
Package: makeidx 2021/10/04 v1.0m Standard LaTeX package
))
(./sphinxlatexstylepage.sty
File: sphinxlatexstylepage.sty 2021/01/27 page styling

(/usr/local/texlive/2021/texmf-dist/tex/latex/parskip/parskip.sty
Rollback for package 'parskip' requested -> version 'v1'.
         This corresponds to the release introduced on 2001-04-09.

(/usr/local/texlive/2021/texmf-dist/tex/latex/parskip/parskip-2001-04-09.sty
Package: parskip 2001/04/09 non-zero parskip adjustments
))
(/usr/local/texlive/2021/texmf-dist/tex/latex/fancyhdr/fancyhdr.sty
Package: fancyhdr 2021/01/28 v4.0.1 Extensive control of page headers and foote
rs
\f@nch@headwidth=\skip68
\f@nch@O@elh=\skip69
\f@nch@O@erh=\skip70
\f@nch@O@olh=\skip71
\f@nch@O@orh=\skip72
\f@nch@O@elf=\skip73
\f@nch@O@erf=\skip74
\f@nch@O@olf=\skip75
\f@nch@O@orf=\skip76
))
(./sphinxlatexstyleheadings.sty
File: sphinxlatexstyleheadings.sty 2021/01/27 headings

(/usr/local/texlive/2021/texmf-dist/tex/latex/titlesec/titlesec.sty
Package: titlesec 2021/07/05 v2.14 Sectioning titles
\ttl@box=\box116
\beforetitleunit=\skip77
\aftertitleunit=\skip78
\ttl@plus=\dimen184
\ttl@minus=\dimen185
\ttl@toksa=\toks30
\titlewidth=\dimen186
\titlewidthlast=\dimen187
\titlewidthfirst=\dimen188
))
(./sphinxlatexstyletext.sty
File: sphinxlatexstyletext.sty 2021/12/06 text styling
) (./sphinxlatexobjects.sty
File: sphinxlatexobjects.sty 2021/12/05 documentation environments
\py@argswidth=\skip79
\lineblockindentation=\skip80
\DUlineblockindent=\skip81
))
(/usr/local/texlive/2021/texmf-dist/tex/latex/geometry/geometry.sty
Package: geometry 2020/01/02 v5.9 Page Geometry

(/usr/local/texlive/2021/texmf-dist/tex/generic/iftex/ifvtex.sty
Package: ifvtex 2019/10/25 v1.7 ifvtex legacy package. Use iftex instead.

(/usr/local/texlive/2021/texmf-dist/tex/generic/iftex/iftex.sty
Package: iftex 2022/02/03 v1.0f TeX engine tests
))
\Gm@cnth=\count300
\Gm@cntv=\count301
\c@Gm@tempcnt=\count302
\Gm@bindingoffset=\dimen189
\Gm@wd@mp=\dimen190
\Gm@odd@mp=\dimen191
\Gm@even@mp=\dimen192
\Gm@layoutwidth=\dimen193
\Gm@layoutheight=\dimen194
\Gm@layouthoffset=\dimen195
\Gm@layoutvoffset=\dimen196
\Gm@dimlist=\toks31
)
(/usr/local/texlive/2021/texmf-dist/tex/latex/hyperref/hyperref.sty
Package: hyperref 2022-02-21 v7.00n Hypertext links for LaTeX

(/usr/local/texlive/2021/texmf-dist/tex/generic/pdftexcmds/pdftexcmds.sty
Package: pdftexcmds 2020-06-27 v0.33 Utility functions of pdfTeX for LuaTeX (HO
)

(/usr/local/texlive/2021/texmf-dist/tex/generic/infwarerr/infwarerr.sty
Package: infwarerr 2019/12/03 v1.5 Providing info/warning/error messages (HO)
)
Package pdftexcmds Info: \pdf@primitive is available.
Package pdftexcmds Info: \pdf@ifprimitive is available.
Package pdftexcmds Info: \pdfdraftmode found.
)
(/usr/local/texlive/2021/texmf-dist/tex/generic/kvdefinekeys/kvdefinekeys.sty
Package: kvdefinekeys 2019-12-19 v1.6 Define keys (HO)
)
(/usr/local/texlive/2021/texmf-dist/tex/generic/pdfescape/pdfescape.sty
Package: pdfescape 2019/12/09 v1.15 Implements pdfTeX's escape features (HO)
)
(/usr/local/texlive/2021/texmf-dist/tex/latex/hycolor/hycolor.sty
Package: hycolor 2020-01-27 v1.10 Color options for hyperref/bookmark (HO)
)
(/usr/local/texlive/2021/texmf-dist/tex/latex/letltxmacro/letltxmacro.sty
Package: letltxmacro 2019/12/03 v1.6 Let assignment for LaTeX macros (HO)
)
(/usr/local/texlive/2021/texmf-dist/tex/latex/auxhook/auxhook.sty
Package: auxhook 2019-12-17 v1.6 Hooks for auxiliary files (HO)
)
\@linkdim=\dimen197
\Hy@linkcounter=\count303
\Hy@pagecounter=\count304

(/usr/local/texlive/2021/texmf-dist/tex/latex/hyperref/pd1enc.def
File: pd1enc.def 2022-02-21 v7.00n Hyperref: PDFDocEncoding definition (HO)
Now handling font encoding PD1 ...
... no UTF-8 mapping file for font encoding PD1
)
(/usr/local/texlive/2021/texmf-dist/tex/generic/intcalc/intcalc.sty
Package: intcalc 2019/12/15 v1.3 Expandable calculations with integers (HO)
)
(/usr/local/texlive/2021/texmf-dist/tex/generic/etexcmds/etexcmds.sty
Package: etexcmds 2019/12/15 v1.7 Avoid name clashes with e-TeX commands (HO)
)
\Hy@SavedSpaceFactor=\count305

(/usr/local/texlive/2021/texmf-dist/tex/latex/hyperref/puenc.def
File: puenc.def 2022-02-21 v7.00n Hyperref: PDF Unicode definition (HO)
Now handling font encoding PU ...
... no UTF-8 mapping file for font encoding PU
)
Package hyperref Info: Option `unicode' set `true' on input line 4018.
Package hyperref Info: Option `colorlinks' set `true' on input line 4018.
Package hyperref Info: Option `breaklinks' set `true' on input line 4018.
Package hyperref Info: Hyper figures OFF on input line 4137.
Package hyperref Info: Link nesting OFF on input line 4142.
Package hyperref Info: Hyper index ON on input line 4145.
Package hyperref Info: Plain pages OFF on input line 4152.
Package hyperref Info: Backreferencing OFF on input line 4157.
Package hyperref Info: Implicit mode ON; LaTeX internals redefined.
Package hyperref Info: Bookmarks ON on input line 4390.
\c@Hy@tempcnt=\count306

(/usr/local/texlive/2021/texmf-dist/tex/latex/url/url.sty
\Urlmuskip=\muskip17
Package: url 2013/09/16  ver 3.4  Verb mode for urls, etc.
)
LaTeX Info: Redefining \url on input line 4749.
\XeTeXLinkMargin=\dimen198

(/usr/local/texlive/2021/texmf-dist/tex/generic/bitset/bitset.sty
Package: bitset 2019/12/09 v1.3 Handle bit-vector datatype (HO)

(/usr/local/texlive/2021/texmf-dist/tex/generic/bigintcalc/bigintcalc.sty
Package: bigintcalc 2019/12/15 v1.5 Expandable calculations on big integers (HO
)
))
\Fld@menulength=\count307
\Field@Width=\dimen199
\Fld@charsize=\dimen256
Package hyperref Info: Hyper figures OFF on input line 6027.
Package hyperref Info: Link nesting OFF on input line 6032.
Package hyperref Info: Hyper index ON on input line 6035.
Package hyperref Info: backreferencing OFF on input line 6042.
Package hyperref Info: Link coloring ON on input line 6045.
Package hyperref Info: Link coloring with OCG OFF on input line 6052.
Package hyperref Info: PDF/A mode OFF on input line 6057.
LaTeX Info: Redefining \ref on input line 6097.
LaTeX Info: Redefining \pageref on input line 6101.

(/usr/local/texlive/2021/texmf-dist/tex/latex/base/atbegshi-ltx.sty
Package: atbegshi-ltx 2021/01/10 v1.0c Emulation of the original atbegshi
package with kernel methods
)
\Hy@abspage=\count308
\c@Item=\count309
\c@Hfootnote=\count310
)
Package hyperref Info: Driver (autodetected): hpdftex.

(/usr/local/texlive/2021/texmf-dist/tex/latex/hyperref/hpdftex.def
File: hpdftex.def 2022-02-21 v7.00n Hyperref driver for pdfTeX

(/usr/local/texlive/2021/texmf-dist/tex/latex/base/atveryend-ltx.sty
Package: atveryend-ltx 2020/08/19 v1.0a Emulation of the original atveryend pac
kage
with kernel methods
)
\Fld@listcount=\count311
\c@bookmark@seq@number=\count312

(/usr/local/texlive/2021/texmf-dist/tex/latex/rerunfilecheck/rerunfilecheck.sty
Package: rerunfilecheck 2019/12/05 v1.9 Rerun checks for auxiliary files (HO)

(/usr/local/texlive/2021/texmf-dist/tex/generic/uniquecounter/uniquecounter.sty
Package: uniquecounter 2019/12/15 v1.4 Provide unlimited unique counter (HO)
)
Package uniquecounter Info: New unique counter `rerunfilecheck' on input line 2
86.
)
\Hy@SectionHShift=\skip82
) (/usr/local/texlive/2021/texmf-dist/tex/latex/oberdiek/hypcap.sty
Package: hypcap 2016/05/16 v1.12 Adjusting the anchors of captions (HO)
)
(./sphinxmessages.sty
Package: sphinxmessages 2019/01/04 v2.0 Localized LaTeX macros (Sphinx team)
)
\@indexfile=\write4
\openout4 = `qualityassessment.idx'.


Writing index file qualityassessment.idx
LaTeX Font Info:    Trying to load font information for T1+qtm on input line 70
.
(/usr/local/texlive/2021/texmf-dist/tex/latex/tex-gyre/t1qtm.fd
File: t1qtm.fd 2009/09/25 v1.2 font definition file for T1/qtm
)
(/usr/local/texlive/2021/texmf-dist/tex/latex/l3backend/l3backend-pdftex.def
File: l3backend-pdftex.def 2022-02-07 L3 backend support: PDF output (pdfTeX)
\l__color_backend_stack_int=\count313
\l__pdf_internal_box=\box117
)
(./qualityassessment.aux)
\openout1 = `qualityassessment.aux'.

LaTeX Font Info:    Checking defaults for OML/cmm/m/it on input line 70.
LaTeX Font Info:    ... okay on input line 70.
LaTeX Font Info:    Checking defaults for OMS/cmsy/m/n on input line 70.
LaTeX Font Info:    ... okay on input line 70.
LaTeX Font Info:    Checking defaults for OT1/cmr/m/n on input line 70.
LaTeX Font Info:    ... okay on input line 70.
LaTeX Font Info:    Checking defaults for T1/cmr/m/n on input line 70.
LaTeX Font Info:    ... okay on input line 70.
LaTeX Font Info:    Checking defaults for TS1/cmr/m/n on input line 70.
LaTeX Font Info:    ... okay on input line 70.
LaTeX Font Info:    Checking defaults for OMX/cmex/m/n on input line 70.
LaTeX Font Info:    ... okay on input line 70.
LaTeX Font Info:    Checking defaults for U/cmr/m/n on input line 70.
LaTeX Font Info:    ... okay on input line 70.
LaTeX Font Info:    Checking defaults for PD1/pdf/m/n on input line 70.
LaTeX Font Info:    ... okay on input line 70.
LaTeX Font Info:    Checking defaults for PU/pdf/m/n on input line 70.
LaTeX Font Info:    ... okay on input line 70.

(/usr/local/texlive/2021/texmf-dist/tex/context/base/mkii/supp-pdf.mkii
[Loading MPS to PDF converter (version 2006.09.02).]
\scratchcounter=\count314
\scratchdimen=\dimen257
\scratchbox=\box118
\nofMPsegments=\count315
\nofMParguments=\count316
\everyMPshowfont=\toks32
\MPscratchCnt=\count317
\MPscratchDim=\dimen258
\MPnumerator=\count318
\makeMPintoPDFobject=\count319
\everyMPtoPDFconversion=\toks33
) (/usr/local/texlive/2021/texmf-dist/tex/latex/epstopdf-pkg/epstopdf-base.sty
Package: epstopdf-base 2020-01-24 v2.11 Base part for package epstopdf
Package epstopdf-base Info: Redefining graphics rule for `.eps' on input line 4
85.

(/usr/local/texlive/2021/texmf-dist/tex/latex/latexconfig/epstopdf-sys.cfg
File: epstopdf-sys.cfg 2010/07/13 v1.3 Configuration of (r)epstopdf for TeX Liv
e
))
\c@literalblock=\count320

*geometry* driver: auto-detecting
*geometry* detected driver: pdftex
*geometry* verbose mode - [ preamble ] result:
* driver: pdftex
* paper: letterpaper
* layout: <same size as paper>
* layoutoffset:(h,v)=(0.0pt,0.0pt)
* modes: twoside 
* h-part:(L,W,R)=(72.26999pt, 469.75502pt, 72.26999pt)
* v-part:(T,H,B)=(72.26999pt, 650.43001pt, 72.26999pt)
* \paperwidth=614.295pt
* \paperheight=794.96999pt
* \textwidth=469.75502pt
* \textheight=650.43001pt
* \oddsidemargin=0.0pt
* \evensidemargin=0.0pt
* \topmargin=-37.0pt
* \headheight=12.0pt
* \headsep=25.0pt
* \topskip=10.0pt
* \footskip=30.0pt
* \marginparwidth=36.135pt
* \marginparsep=11.0pt
* \columnsep=10.0pt
* \skip\footins=9.0pt plus 4.0pt minus 2.0pt
* \hoffset=0.0pt
* \voffset=0.0pt
* \mag=1000
* \@twocolumnfalse
* \@twosidetrue
* \@mparswitchtrue
* \@reversemarginfalse
* (1in=72.27pt=25.4mm, 1cm=28.453pt)

Package hyperref Info: Link coloring ON on input line 70.
(/usr/local/texlive/2021/texmf-dist/tex/latex/hyperref/nameref.sty
Package: nameref 2021-04-02 v2.47 Cross-referencing by name of section

(/usr/local/texlive/2021/texmf-dist/tex/latex/refcount/refcount.sty
Package: refcount 2019/12/15 v3.6 Data extraction from label references (HO)
)
(/usr/local/texlive/2021/texmf-dist/tex/generic/gettitlestring/gettitlestring.s
ty
Package: gettitlestring 2019/12/15 v1.6 Cleanup title references (HO)
)
\c@section@level=\count321
)
LaTeX Info: Redefining \ref on input line 70.
LaTeX Info: Redefining \pageref on input line 70.
LaTeX Info: Redefining \nameref on input line 70.
 (./qualityassessment.out) (./qualityassessment.out)
\@outlinefile=\write5
\openout5 = `qualityassessment.out'.

Package hyperref Info: Option `pageanchor' set `false' on input line 73.
LaTeX Font Info:    Trying to load font information for T1+qhv on input line 73
.

(/usr/local/texlive/2021/texmf-dist/tex/latex/tex-gyre/t1qhv.fd
File: t1qhv.fd 2009/09/25 v1.2 font definition file for T1/qhv
)<<ot1.cmap>><<oml.cmap>><<oms.cmap>><<omx.cmap>>
LaTeX Font Info:    Trying to load font information for U+msa on input line 73.


(/usr/local/texlive/2021/texmf-dist/tex/latex/amsfonts/umsa.fd
File: umsa.fd 2013/01/14 v3.01 AMS symbols A
)
LaTeX Font Info:    Trying to load font information for U+msb on input line 73.


(/usr/local/texlive/2021/texmf-dist/tex/latex/amsfonts/umsb.fd
File: umsb.fd 2013/01/14 v3.01 AMS symbols B
) [1

{/usr/local/texlive/2021/texmf-var/fonts/map/pdftex/updmap/pdftex.map}] [2


]
(./qualityassessment.toc [1

] [2] [3])
\tf@toc=\write6
\openout6 = `qualityassessment.toc'.

 [4]
LaTeX Font Info:    Trying to load font information for T1+txtt on input line 1
00.

(/usr/local/texlive/2021/texmf-dist/tex/latex/txfonts/t1txtt.fd
File: t1txtt.fd 2000/12/15 v3.1
)
LaTeX Font Info:    Font shape `T1/txtt/m/it' in size <10> not available
(Font)              Font shape `T1/txtt/m/sl' tried instead on input line 100.

Underfull \hbox (badness 10000) in paragraph at lines 99--101
[]|[][]\T1/txtt/m/sl/10 quality_assessment.
 []

[1

] [2

]
Chapter 1.
LaTeX Font Info:    Font shape `T1/txtt/b/n' in size <10> not available
(Font)              Font shape `T1/txtt/bx/n' tried instead on input line 176.

Overfull \hbox (23.88383pt too wide) in paragraph at lines 176--176
\T1/qtm/m/it/10 das.core.frame.DataFrame\T1/qtm/m/n/10 , 
 []


Overfull \hbox (110.41379pt too wide) in paragraph at lines 176--176
\T1/qtm/m/it/10 list[quality_assessment.data_types.AveragesInfo] 
 []


Overfull \hbox (102.88383pt too wide) in paragraph at lines 176--176
\T1/qtm/m/it/10 list[quality_assessment.data_types.ScatterInfo] 
 []


Overfull \hbox (93.89383pt too wide) in paragraph at lines 176--176
\T1/qtm/m/it/10 list[quality_assessment.data_types.PeakInfo] 
 []

[3]
LaTeX Font Info:    Font shape `T1/txtt/b/it' in size <10> not available
(Font)              Font shape `T1/txtt/bx/it' tried instead on input line 1.
LaTeX Font Info:    Font shape `T1/txtt/bx/it' in size <10> not available
(Font)              Font shape `T1/txtt/bx/sl' tried instead on input line 1.
 [4]
Underfull \hbox (badness 10000) in paragraph at lines 369--371
[]|[][]\T1/txtt/m/sl/10 TapeQualityInformation.__init__[][]\T1/qtm/m/n/10 (data
, ...[,
 []


Underfull \hbox (badness 10000) in paragraph at lines 376--378
[]|[][]\T1/txtt/m/sl/10 TapeQualityInformation.
 []


Underfull \hbox (badness 10000) in paragraph at lines 383--385
[]|[][]\T1/txtt/m/sl/10 TapeQualityInformation.
 []

LaTeX Font Info:    Trying to load font information for TS1+qtm on input line 4
11.
(/usr/local/texlive/2021/texmf-dist/tex/latex/tex-gyre/ts1qtm.fd
File: ts1qtm.fd 2009/09/25 v1.2 font definition file for TS1/qtm
) [5] [6

]
Chapter 2.

Overfull \hbox (121.41402pt too wide) in paragraph at lines 495--495
\T1/qtm/m/n/10 ity_assessment.tape_quality_information.TapeQualityInformation[]
[], 
 []


Overfull \hbox (11.33403pt too wide) in paragraph at lines 495--495
\T1/qtm/m/n/10 ity_assessment.data_types.TapeSpecs[][]\T1/txtt/m/n/10 )|  
 []


Underfull \hbox (badness 10000) in paragraph at lines 525--527
[]|[][]\T1/txtt/m/sl/10 TapeQualityAssessor.
 []


Underfull \hbox (badness 10000) in paragraph at lines 553--555
[]|[][]\T1/txtt/m/sl/10 TapeQualityAssessor.
 []


Underfull \hbox (badness 10000) in paragraph at lines 567--569
[]|[][]\T1/txtt/m/sl/10 TapeQualityAssessor.
 []


Underfull \hbox (badness 10000) in paragraph at lines 581--583
[]|[][]\T1/txtt/m/sl/10 TapeQualityAssessor.
 []

[7] [8]
Overfull \hbox (89.91411pt too wide) in paragraph at lines 806--806
\T1/qtm/m/n/10 ity_assessment.tape_quality_information.TapeQualityInformation[]
[], 
 []

[9] [10]
Chapter 3.
[11

] [12

]
Chapter 4.

Underfull \hbox (badness 10000) in paragraph at lines 992--994
[]|[][]\T1/txtt/m/sl/10 DefectReportPDF.
 []

[13]
LaTeX Font Info:    Trying to load font information for TS1+txtt on input line 
1.
 (/usr/local/texlive/2021/texmf-dist/tex/latex/txfonts/ts1txtt.fd
File: ts1txtt.fd 2000/12/15 v3.1
)
LaTeX Font Info:    Font shape `TS1/txtt/b/n' in size <10> not available
(Font)              Font shape `TS1/txtt/bx/n' tried instead on input line 1.
 [14]
[15]
Underfull \hbox (badness 10000) in paragraph at lines 1422--1424
[]|[][]\T1/txtt/m/sl/10 DefectReportPDF.draw_path[][]\T1/qtm/m/n/10 (path[, de-

 []


Underfull \hbox (badness 10000) in paragraph at lines 1429--1431
[]|[][]\T1/txtt/m/sl/10 DefectReportPDF.
 []


Underfull \hbox (badness 10000) in paragraph at lines 1450--1452
[]|[][]\T1/txtt/m/sl/10 DefectReportPDF.
 []


Overfull \hbox (4.08691pt too wide) in paragraph at lines 1450--1452
\T1/txtt/m/sl/10 get_normalized_string_width_with_style[][]\T1/qtm/m/n/10 (...)
| 
 []


Underfull \hbox (badness 10000) in paragraph at lines 1492--1494
[]|[][]\T1/txtt/m/sl/10 DefectReportPDF.
 []


Underfull \hbox (badness 8075) in paragraph at lines 1541--1543
[]|[][]\T1/txtt/m/sl/10 DefectReportPDF.new_path[][]\T1/qtm/m/n/10 ([x, y, pain
t_rule,
 []


Underfull \hbox (badness 10000) in paragraph at lines 1635--1637
[]|[][]\T1/txtt/m/sl/10 DefectReportPDF.
 []


Underfull \hbox (badness 10000) in paragraph at lines 1663--1665
[]|[][]\T1/txtt/m/sl/10 DefectReportPDF.set_dash_pattern[][]\T1/qtm/m/n/10 ([da
sh,
 []


Underfull \hbox (badness 10000) in paragraph at lines 1670--1672
[]|[][]\T1/txtt/m/sl/10 DefectReportPDF.set_display_mode[][]\T1/qtm/m/n/10 (zoo
m[,
 []


Underfull \hbox (badness 10000) in paragraph at lines 1712--1714
[]|[][]\T1/txtt/m/sl/10 DefectReportPDF.
 []


Underfull \hbox (badness 10000) in paragraph at lines 1788--1790
[]|[][]\T1/txtt/m/sl/10 DefectReportPDF.
 []


Underfull \hbox (badness 10000) in paragraph at lines 1837--1839
[]|[][]\T1/txtt/m/sl/10 DefectReportPDF.
 []


Underfull \hbox (badness 10000) in paragraph at lines 1865--1867
[]|[][]\T1/txtt/m/sl/10 DefectReportPDF.start_section[][]\T1/qtm/m/n/10 (name[,

 []

[16] [17] [18] [19] [20] [21] [22] [23] [24] [25] [26]
Underfull \hbox (badness 10000) in paragraph at lines 2794--2807
[]\T1/qtm/m/n/10 draw_color fill_color text_color un-der-line font_style font_s
tretching
 []

[27] [28] [29] [30] [31] [32] [33] [34] [35] [36] [37] [38] [39]
Overfull \hbox (57.79402pt too wide) in paragraph at lines 4238--4238
\T1/qtm/m/it/10 List[[][]\T1/qtm/m/n/10 quality_assessment.data_types.QualityRe
port[][]\T1/qtm/m/it/10 ]\T1/qtm/m/n/10 , 
 []


Overfull \hbox (52.77902pt too wide) in paragraph at lines 4238--4238
\T1/qtm/m/it/10 List[[][]\T1/qtm/m/n/10 quality_assessment.data_types.TapeSecti
on[][]\T1/qtm/m/it/10 ]\T1/txtt/m/n/10 )|  
 []


Underfull \hbox (badness 10000) in paragraph at lines 4261--4263
[]|[][]\T1/txtt/m/sl/10 ReportPDFCreator.__init__[][]\T1/qtm/m/n/10 (tape_id, p
rod-uct,
 []

[40] [41] [42

]
Chapter 5.
[43] [44] [45]
Underfull \hbox (badness 10000) in paragraph at lines 4848--4850
[]|[][]\T1/txtt/m/sl/10 QualityParameterInfo.__init__[][]\T1/qtm/m/n/10 (*args,

 []

[46]
Overfull \hbox (55.26422pt too wide) in paragraph at lines 4874--4874
\T1/qtm/m/it/10 tional[list[[][]\T1/qtm/m/n/10 quality_assessment.data_types.Qu
alityParameterInfo[][]\T1/qtm/m/it/10 ]] 
 []

[47]
Underfull \hbox (badness 10000) in paragraph at lines 4993--4995
[]|[][]\T1/txtt/m/sl/10 QualityReport.__init__[][]\T1/qtm/m/n/10 (tape_id, test
_type[,
 []

[48] [49] [50] [51] [52] [53] [54

]
Chapter 6.
[55] [56

]
Underfull \hbox (badness 10000) in paragraph at lines 5607--5608
[]\T1/txtt/m/n/10 quality_assessment.tape_quality_information\T1/qtm/m/n/10 ,
 []

[57


] (./qualityassessment.ind [58


]
Overfull \hbox (4.59229pt too wide) in paragraph at lines 8--10
[]\T1/txtt/m/n/10 __init__() \T1/qtm/m/n/10 (\T1/qtm/m/it/10 qual-ity_assessmen
t.data_types.AveragesInfo
 []


Underfull \hbox (badness 10000) in paragraph at lines 10--12
[]\T1/txtt/m/n/10 __init__() \T1/qtm/m/n/10 (\T1/qtm/m/it/10 qual-ity_assessmen
t.data_types.PeakInfo
 []


Overfull \hbox (40.35234pt too wide) in paragraph at lines 12--14
[]\T1/txtt/m/n/10 __init__() \T1/qtm/m/n/10 (\T1/qtm/m/it/10 qual-ity_assessmen
t.data_types.QualityParameterInfo
 []


Overfull \hbox (10.24234pt too wide) in paragraph at lines 14--16
[]\T1/txtt/m/n/10 __init__() \T1/qtm/m/n/10 (\T1/qtm/m/it/10 qual-ity_assessmen
t.data_types.QualityReport
 []


Overfull \hbox (1.71234pt too wide) in paragraph at lines 18--20
[]\T1/txtt/m/n/10 __init__() \T1/qtm/m/n/10 (\T1/qtm/m/it/10 qual-ity_assessmen
t.data_types.TapeSection
 []


Overfull \hbox (59.81233pt too wide) in paragraph at lines 22--24
[]\T1/txtt/m/n/10 __init__() \T1/qtm/m/n/10 (\T1/qtm/m/it/10 qual-ity_assessmen
t.quality_assessor.TapeQualityAssessor
 []


Overfull \hbox (57.4123pt too wide) in paragraph at lines 24--26
[]\T1/txtt/m/n/10 __init__() \T1/qtm/m/n/10 (\T1/qtm/m/it/10 qual-ity_assessmen
t.quality_pdf_report.DefectReportPDF
 []


Overfull \hbox (62.88228pt too wide) in paragraph at lines 26--28
[]\T1/txtt/m/n/10 __init__() \T1/qtm/m/n/10 (\T1/qtm/m/it/10 qual-ity_assessmen
t.quality_pdf_report.ReportPDFCreator
 []


Overfull \hbox (108.55228pt too wide) in paragraph at lines 28--30
[]\T1/txtt/m/n/10 __init__() \T1/qtm/m/n/10 (\T1/qtm/m/it/10 qual-ity_assessmen
t.tape_quality_information.TapeQualityInformation
 []


Underfull \hbox (badness 10000) in paragraph at lines 33--35
[]\T1/txtt/m/n/10 accept_page_break \T1/qtm/m/n/10 (\T1/qtm/m/it/10 qual-
 []


Overfull \hbox (22.23245pt too wide) in paragraph at lines 33--35
\T1/qtm/m/it/10 ity_assessment.quality_pdf_report.DefectReportPDF
 []


Overfull \hbox (67.91226pt too wide) in paragraph at lines 35--37
[]\T1/txtt/m/n/10 add_action() \T1/qtm/m/n/10 (\T1/qtm/m/it/10 qual-ity_assessm
ent.quality_pdf_report.DefectReportPDF
 []


Overfull \hbox (57.4123pt too wide) in paragraph at lines 37--39
[]\T1/txtt/m/n/10 add_font() \T1/qtm/m/n/10 (\T1/qtm/m/it/10 qual-ity_assessmen
t.quality_pdf_report.DefectReportPDF
 []


Overfull \hbox (57.4123pt too wide) in paragraph at lines 39--41
[]\T1/txtt/m/n/10 add_link() \T1/qtm/m/n/10 (\T1/qtm/m/it/10 qual-ity_assessmen
t.quality_pdf_report.DefectReportPDF
 []


Overfull \hbox (57.4123pt too wide) in paragraph at lines 41--43
[]\T1/txtt/m/n/10 add_page() \T1/qtm/m/n/10 (\T1/qtm/m/it/10 qual-ity_assessmen
t.quality_pdf_report.DefectReportPDF
 []


Underfull \hbox (badness 10000) in paragraph at lines 43--45
[]\T1/txtt/m/n/10 alias_nb_pages() \T1/qtm/m/n/10 (\T1/qtm/m/it/10 qual-
 []


Overfull \hbox (22.23245pt too wide) in paragraph at lines 43--45
\T1/qtm/m/it/10 ity_assessment.quality_pdf_report.DefectReportPDF
 []


Overfull \hbox (31.16237pt too wide) in paragraph at lines 45--47
[]\T1/txtt/m/n/10 arc() \T1/qtm/m/n/10 (\T1/qtm/m/it/10 qual-ity_assessment.qua
lity_pdf_report.DefectReportPDF
 []


Underfull \hbox (badness 10000) in paragraph at lines 47--49
[]\T1/txtt/m/n/10 assess_average_value() \T1/qtm/m/n/10 (\T1/qtm/m/it/10 qual-
 []


Overfull \hbox (24.63249pt too wide) in paragraph at lines 47--49
\T1/qtm/m/it/10 ity_assessment.quality_assessor.TapeQualityAssessor
 []


Underfull \hbox (badness 10000) in paragraph at lines 49--51
[]\T1/txtt/m/n/10 assess_dropouts() \T1/qtm/m/n/10 (\T1/qtm/m/it/10 qual-
 []


Overfull \hbox (24.63249pt too wide) in paragraph at lines 49--51
\T1/qtm/m/it/10 ity_assessment.quality_assessor.TapeQualityAssessor
 []


Underfull \hbox (badness 10000) in paragraph at lines 51--53
[]\T1/txtt/m/n/10 assess_meets_specs() \T1/qtm/m/n/10 (\T1/qtm/m/it/10 qual-
 []


Overfull \hbox (24.63249pt too wide) in paragraph at lines 51--53
\T1/qtm/m/it/10 ity_assessment.quality_assessor.TapeQualityAssessor
 []


Underfull \hbox (badness 10000) in paragraph at lines 53--55
[]\T1/txtt/m/n/10 assess_min_value() \T1/qtm/m/n/10 (\T1/qtm/m/it/10 qual-
 []


Overfull \hbox (24.63249pt too wide) in paragraph at lines 53--55
\T1/qtm/m/it/10 ity_assessment.quality_assessor.TapeQualityAssessor
 []


Underfull \hbox (badness 10000) in paragraph at lines 55--57
[]\T1/txtt/m/n/10 AVERAGE \T1/qtm/m/n/10 (\T1/qtm/m/it/10 qual-ity_assessment.d
ata_types.TestType
 []


Overfull \hbox (98.0523pt too wide) in paragraph at lines 57--59
[]\T1/txtt/m/n/10 averages \T1/qtm/m/n/10 (\T1/qtm/m/it/10 qual-ity_assessment.
tape_quality_information.TapeQualityInformation
 []


Underfull \hbox (badness 10000) in paragraph at lines 60--62
[]\T1/txtt/m/n/10 averaging_length \T1/qtm/m/n/10 (\T1/qtm/m/it/10 qual-
 []


Underfull \hbox (badness 10000) in paragraph at lines 60--62
\T1/qtm/m/it/10 ity_assessment.data_types.TapeSpecs at-
 []


Underfull \hbox (badness 10000) in paragraph at lines 65--67
[]\T1/txtt/m/n/10 calculate_drop_out_info() \T1/qtm/m/n/10 (\T1/qtm/m/it/10 qua
l-
 []


Overfull \hbox (73.37244pt too wide) in paragraph at lines 65--67
\T1/qtm/m/it/10 ity_assessment.tape_quality_information.TapeQualityInformation
 []


Underfull \hbox (badness 10000) in paragraph at lines 67--69
[]\T1/txtt/m/n/10 calculate_statisitcs() \T1/qtm/m/n/10 (\T1/qtm/m/it/10 qual-
 []


Overfull \hbox (73.37244pt too wide) in paragraph at lines 67--69
\T1/qtm/m/it/10 ity_assessment.tape_quality_information.TapeQualityInformation
 []


Overfull \hbox (36.41235pt too wide) in paragraph at lines 69--71
[]\T1/txtt/m/n/10 cell() \T1/qtm/m/n/10 (\T1/qtm/m/it/10 qual-ity_assessment.qu
ality_pdf_report.DefectReportPDF
 []


Underfull \hbox (badness 10000) in paragraph at lines 71--73
[]\T1/txtt/m/n/10 center_position \T1/qtm/m/n/10 (\T1/qtm/m/it/10 qual-
 []


Underfull \hbox (badness 10000) in paragraph at lines 71--73
\T1/qtm/m/it/10 ity_assessment.data_types.AveragesInfo
 []


Underfull \hbox (badness 10000) in paragraph at lines 73--75
[]\T1/txtt/m/n/10 center_position \T1/qtm/m/n/10 (\T1/qtm/m/it/10 qual-
 []


Overfull \hbox (5.1725pt too wide) in paragraph at lines 73--75
\T1/qtm/m/it/10 ity_assessment.data_types.QualityParameterInfo
 []


Underfull \hbox (badness 10000) in paragraph at lines 75--77
[]\T1/txtt/m/n/10 center_position \T1/qtm/m/n/10 (\T1/qtm/m/it/10 qual-
 []


Underfull \hbox (badness 10000) in paragraph at lines 75--77
\T1/qtm/m/it/10 ity_assessment.data_types.ScatterInfo prop-
 []


Overfull \hbox (46.91232pt too wide) in paragraph at lines 77--79
[]\T1/txtt/m/n/10 circle() \T1/qtm/m/n/10 (\T1/qtm/m/it/10 qual-ity_assessment.
quality_pdf_report.DefectReportPDF
 []


Overfull \hbox (41.66234pt too wide) in paragraph at lines 79--81
[]\T1/txtt/m/n/10 close() \T1/qtm/m/n/10 (\T1/qtm/m/it/10 qual-ity_assessment.q
uality_pdf_report.DefectReportPDF
 []

[59

]
Overfull \hbox (46.91232pt too wide) in paragraph at lines 81--83
[]\T1/txtt/m/n/10 code39() \T1/qtm/m/n/10 (\T1/qtm/m/it/10 qual-ity_assessment.
quality_pdf_report.DefectReportPDF
 []


Underfull \hbox (badness 10000) in paragraph at lines 83--85
[]\T1/txtt/m/n/10 create_report() \T1/qtm/m/n/10 (\T1/qtm/m/it/10 qual-
 []


Overfull \hbox (27.70244pt too wide) in paragraph at lines 83--85
\T1/qtm/m/it/10 ity_assessment.quality_pdf_report.ReportPDFCreator
 []


Overfull \hbox (67.91226pt too wide) in paragraph at lines 88--90
[]\T1/txtt/m/n/10 dash_pattern \T1/qtm/m/n/10 (\T1/qtm/m/it/10 qual-ity_assessm
ent.quality_pdf_report.DefectReportPDF
 []


Underfull \hbox (badness 10000) in paragraph at lines 90--92
[]\T1/txtt/m/n/10 dashed_line() \T1/qtm/m/n/10 (\T1/qtm/m/it/10 qual-
 []


Overfull \hbox (22.23245pt too wide) in paragraph at lines 90--92
\T1/qtm/m/it/10 ity_assessment.quality_pdf_report.DefectReportPDF
 []


Overfull \hbox (77.05237pt too wide) in paragraph at lines 92--94
[]\T1/txtt/m/n/10 data \T1/qtm/m/n/10 (\T1/qtm/m/it/10 qual-ity_assessment.tape
_quality_information.TapeQualityInformation
 []


Underfull \hbox (badness 10000) in paragraph at lines 94--96
[]\T1/txtt/m/n/10 DefectReportPDF \T1/qtm/m/n/10 (\T1/qtm/m/it/10 class in qual
-
 []


Overfull \hbox (9.84227pt too wide) in paragraph at lines 96--98
[]\T1/txtt/m/n/10 description \T1/qtm/m/n/10 (\T1/qtm/m/it/10 qual-ity_assessme
nt.data_types.AveragesInfo
 []


Underfull \hbox (badness 10000) in paragraph at lines 98--100
[]\T1/txtt/m/n/10 description \T1/qtm/m/n/10 (\T1/qtm/m/it/10 qual-ity_assessme
nt.data_types.PeakInfo
 []


Overfull \hbox (45.60233pt too wide) in paragraph at lines 100--102
[]\T1/txtt/m/n/10 description \T1/qtm/m/n/10 (\T1/qtm/m/it/10 qual-ity_assessme
nt.data_types.QualityParameterInfo
 []


Overfull \hbox (2.31232pt too wide) in paragraph at lines 102--104
[]\T1/txtt/m/n/10 description \T1/qtm/m/n/10 (\T1/qtm/m/it/10 qual-ity_assessme
nt.data_types.ScatterInfo
 []


Underfull \hbox (badness 10000) in paragraph at lines 106--108
[]\T1/txtt/m/n/10 determine_ok_tape_section() \T1/qtm/m/n/10 (\T1/qtm/m/it/10 q
ual-
 []


Overfull \hbox (24.63249pt too wide) in paragraph at lines 106--108
\T1/qtm/m/it/10 ity_assessment.quality_assessor.TapeQualityAssessor
 []


Overfull \hbox (57.4123pt too wide) in paragraph at lines 108--110
[]\T1/txtt/m/n/10 draw_color \T1/qtm/m/n/10 (\T1/qtm/m/it/10 qual-ity_assessmen
t.quality_pdf_report.DefectReportPDF
 []


Overfull \hbox (62.66228pt too wide) in paragraph at lines 110--112
[]\T1/txtt/m/n/10 draw_path() \T1/qtm/m/n/10 (\T1/qtm/m/it/10 qual-ity_assessme
nt.quality_pdf_report.DefectReportPDF
 []


Underfull \hbox (badness 10000) in paragraph at lines 112--114
[]\T1/txtt/m/n/10 drawing_context() \T1/qtm/m/n/10 (\T1/qtm/m/it/10 qual-
 []


Overfull \hbox (22.23245pt too wide) in paragraph at lines 112--114
\T1/qtm/m/it/10 ity_assessment.quality_pdf_report.DefectReportPDF
 []


Underfull \hbox (badness 10000) in paragraph at lines 114--116
[]\T1/txtt/m/n/10 DROPOUT \T1/qtm/m/n/10 (\T1/qtm/m/it/10 qual-ity_assessment.d
ata_types.TestType
 []


Overfull \hbox (5.54231pt too wide) in paragraph at lines 116--118
[]\T1/txtt/m/n/10 dropout_func \T1/qtm/m/n/10 (\T1/qtm/m/it/10 qual-ity_assessm
ent.data_types.TapeSpecs
 []


Underfull \hbox (badness 10000) in paragraph at lines 118--120
[]\T1/txtt/m/n/10 dropout_value \T1/qtm/m/n/10 (\T1/qtm/m/it/10 qual-
 []


Underfull \hbox (badness 10000) in paragraph at lines 118--120
\T1/qtm/m/it/10 ity_assessment.data_types.TapeSpecs at-
 []


Overfull \hbox (98.0523pt too wide) in paragraph at lines 120--122
[]\T1/txtt/m/n/10 dropouts \T1/qtm/m/n/10 (\T1/qtm/m/it/10 qual-ity_assessment.
tape_quality_information.TapeQualityInformation
 []


Overfull \hbox (52.16231pt too wide) in paragraph at lines 125--127
[]\T1/txtt/m/n/10 ellipse() \T1/qtm/m/n/10 (\T1/qtm/m/it/10 qual-ity_assessment
.quality_pdf_report.DefectReportPDF
 []


Overfull \hbox (50.85231pt too wide) in paragraph at lines 127--129
[]\T1/txtt/m/n/10 end_position \T1/qtm/m/n/10 (\T1/qtm/m/it/10 qual-ity_assessm
ent.data_types.QualityParameterInfo
 []


Overfull \hbox (12.21231pt too wide) in paragraph at lines 129--131
[]\T1/txtt/m/n/10 end_position \T1/qtm/m/n/10 (\T1/qtm/m/it/10 qual-ity_assessm
ent.data_types.TapeSection
 []


Overfull \hbox (20.6624pt too wide) in paragraph at lines 131--133
[]\T1/txtt/m/n/10 eph \T1/qtm/m/n/10 (\T1/qtm/m/it/10 qual-ity_assessment.quali
ty_pdf_report.DefectReportPDF
 []


Overfull \hbox (20.6624pt too wide) in paragraph at lines 133--135
[]\T1/txtt/m/n/10 epw \T1/qtm/m/n/10 (\T1/qtm/m/it/10 qual-ity_assessment.quali
ty_pdf_report.DefectReportPDF
 []


Underfull \hbox (badness 10000) in paragraph at lines 135--137
[]\T1/txtt/m/n/10 excecute_assessment() \T1/qtm/m/n/10 (\T1/qtm/m/it/10 in mod-
ule qual-
 []


Underfull \hbox (badness 10000) in paragraph at lines 137--139
[]\T1/txtt/m/n/10 expected_average \T1/qtm/m/n/10 (\T1/qtm/m/it/10 qual-
 []


Overfull \hbox (73.37244pt too wide) in paragraph at lines 137--139
\T1/qtm/m/it/10 ity_assessment.tape_quality_information.TapeQualityInformation
 []


Underfull \hbox (badness 10000) in paragraph at lines 142--144
[]\T1/txtt/m/n/10 fail_information \T1/qtm/m/n/10 (\T1/qtm/m/it/10 qual-
 []


Underfull \hbox (badness 10000) in paragraph at lines 142--144
\T1/qtm/m/it/10 ity_assessment.data_types.QualityReport
 []


Overfull \hbox (57.4123pt too wide) in paragraph at lines 144--146
[]\T1/txtt/m/n/10 fill_color \T1/qtm/m/n/10 (\T1/qtm/m/it/10 qual-ity_assessmen
t.quality_pdf_report.DefectReportPDF
 []


Overfull \hbox (62.66228pt too wide) in paragraph at lines 146--148
[]\T1/txtt/m/n/10 font_family \T1/qtm/m/n/10 (\T1/qtm/m/it/10 qual-ity_assessme
nt.quality_pdf_report.DefectReportPDF
 []


Overfull \hbox (52.16231pt too wide) in paragraph at lines 148--150
[]\T1/txtt/m/n/10 font_size \T1/qtm/m/n/10 (\T1/qtm/m/it/10 qual-ity_assessment
.quality_pdf_report.DefectReportPDF
 []


Overfull \hbox (67.91226pt too wide) in paragraph at lines 150--152
[]\T1/txtt/m/n/10 font_size_pt \T1/qtm/m/n/10 (\T1/qtm/m/it/10 qual-ity_assessm
ent.quality_pdf_report.DefectReportPDF
 []


Underfull \hbox (badness 10000) in paragraph at lines 152--154
[]\T1/txtt/m/n/10 font_stretching \T1/qtm/m/n/10 (\T1/qtm/m/it/10 qual-
 []


Overfull \hbox (22.23245pt too wide) in paragraph at lines 152--154
\T1/qtm/m/it/10 ity_assessment.quality_pdf_report.DefectReportPDF
 []


Overfull \hbox (57.4123pt too wide) in paragraph at lines 154--156
[]\T1/txtt/m/n/10 font_style \T1/qtm/m/n/10 (\T1/qtm/m/it/10 qual-ity_assessmen
t.quality_pdf_report.DefectReportPDF
 []


Overfull \hbox (46.91232pt too wide) in paragraph at lines 156--158
[]\T1/txtt/m/n/10 footer() \T1/qtm/m/n/10 (\T1/qtm/m/it/10 qual-ity_assessment.
quality_pdf_report.DefectReportPDF
 []


Underfull \hbox (badness 10000) in paragraph at lines 161--163
[]\T1/txtt/m/n/10 get_normalized_string_width_with_style()
 []


Overfull \hbox (43.24245pt too wide) in paragraph at lines 161--163
\T1/qtm/m/n/10 (\T1/qtm/m/it/10 qual-ity_assessment.quality_pdf_report.DefectRe
portPDF
 []


Underfull \hbox (badness 10000) in paragraph at lines 163--165
[]\T1/txtt/m/n/10 get_string_width() \T1/qtm/m/n/10 (\T1/qtm/m/it/10 qual-
 []


Overfull \hbox (22.23245pt too wide) in paragraph at lines 163--165
\T1/qtm/m/it/10 ity_assessment.quality_pdf_report.DefectReportPDF
 []


Overfull \hbox (41.66234pt too wide) in paragraph at lines 165--167
[]\T1/txtt/m/n/10 get_x() \T1/qtm/m/n/10 (\T1/qtm/m/it/10 qual-ity_assessment.q
uality_pdf_report.DefectReportPDF
 []


Overfull \hbox (41.66234pt too wide) in paragraph at lines 167--169
[]\T1/txtt/m/n/10 get_y() \T1/qtm/m/n/10 (\T1/qtm/m/it/10 qual-ity_assessment.q
uality_pdf_report.DefectReportPDF
 []


Overfull \hbox (46.91232pt too wide) in paragraph at lines 172--174
[]\T1/txtt/m/n/10 header() \T1/qtm/m/n/10 (\T1/qtm/m/it/10 qual-ity_assessment.
quality_pdf_report.DefectReportPDF
 []


Overfull \hbox (41.66234pt too wide) in paragraph at lines 177--179
[]\T1/txtt/m/n/10 image() \T1/qtm/m/n/10 (\T1/qtm/m/it/10 qual-ity_assessment.q
uality_pdf_report.DefectReportPDF
 []


Underfull \hbox (badness 10000) in paragraph at lines 179--181
[]\T1/txtt/m/n/10 insert_toc_placeholder() \T1/qtm/m/n/10 (\T1/qtm/m/it/10 qual
-
 []


Overfull \hbox (22.23245pt too wide) in paragraph at lines 179--181
\T1/qtm/m/it/10 ity_assessment.quality_pdf_report.DefectReportPDF
 []


Underfull \hbox (badness 10000) in paragraph at lines 181--183
[]\T1/txtt/m/n/10 interleaved2of5() \T1/qtm/m/n/10 (\T1/qtm/m/it/10 qual-
 []


Overfull \hbox (22.23245pt too wide) in paragraph at lines 181--183
\T1/qtm/m/it/10 ity_assessment.quality_pdf_report.DefectReportPDF
 []

[60]
Underfull \hbox (badness 10000) in paragraph at lines 186--188
[]\T1/txtt/m/n/10 length \T1/qtm/m/n/10 (\T1/qtm/m/it/10 qual-ity_assessment.da
ta_types.TapeSection
 []


Overfull \hbox (36.41235pt too wide) in paragraph at lines 188--190
[]\T1/txtt/m/n/10 line() \T1/qtm/m/n/10 (\T1/qtm/m/it/10 qual-ity_assessment.qu
ality_pdf_report.DefectReportPDF
 []


Overfull \hbox (57.4123pt too wide) in paragraph at lines 190--192
[]\T1/txtt/m/n/10 line_width \T1/qtm/m/n/10 (\T1/qtm/m/it/10 qual-ity_assessmen
t.quality_pdf_report.DefectReportPDF
 []


Overfull \hbox (36.41235pt too wide) in paragraph at lines 192--194
[]\T1/txtt/m/n/10 link() \T1/qtm/m/n/10 (\T1/qtm/m/it/10 qual-ity_assessment.qu
ality_pdf_report.DefectReportPDF
 []


Overfull \hbox (25.91238pt too wide) in paragraph at lines 194--196
[]\T1/txtt/m/n/10 ln() \T1/qtm/m/n/10 (\T1/qtm/m/it/10 qual-ity_assessment.qual
ity_pdf_report.DefectReportPDF
 []


Underfull \hbox (badness 10000) in paragraph at lines 197--199
[]\T1/txtt/m/n/10 local_context() \T1/qtm/m/n/10 (\T1/qtm/m/it/10 qual-
 []


Overfull \hbox (22.23245pt too wide) in paragraph at lines 197--199
\T1/qtm/m/it/10 ity_assessment.quality_pdf_report.DefectReportPDF
 []


Underfull \hbox (badness 10000) in paragraph at lines 203--205
[]\T1/txtt/m/n/10 main() \T1/qtm/m/n/10 (\T1/qtm/m/it/10 in mod-ule qual-
 []


Underfull \hbox (badness 10000) in paragraph at lines 205--207
[]\T1/txtt/m/n/10 MARKDOWN_BOLD_MARKER \T1/qtm/m/n/10 (\T1/qtm/m/it/10 qual-
 []


Overfull \hbox (22.23245pt too wide) in paragraph at lines 205--207
\T1/qtm/m/it/10 ity_assessment.quality_pdf_report.DefectReportPDF
 []


Underfull \hbox (badness 10000) in paragraph at lines 207--209
[]\T1/txtt/m/n/10 MARKDOWN_ITALICS_MARKER \T1/qtm/m/n/10 (\T1/qtm/m/it/10 qual-

 []


Overfull \hbox (22.23245pt too wide) in paragraph at lines 207--209
\T1/qtm/m/it/10 ity_assessment.quality_pdf_report.DefectReportPDF
 []


Underfull \hbox (badness 10000) in paragraph at lines 209--211
[]\T1/txtt/m/n/10 MARKDOWN_UNDERLINE_MARKER \T1/qtm/m/n/10 (\T1/qtm/m/it/10 qua
l-
 []


Overfull \hbox (22.23245pt too wide) in paragraph at lines 209--211
\T1/qtm/m/it/10 ity_assessment.quality_pdf_report.DefectReportPDF
 []


Underfull \hbox (badness 10000) in paragraph at lines 213--215
[]\T1/txtt/m/n/10 min_tape_length \T1/qtm/m/n/10 (\T1/qtm/m/it/10 qual-
 []


Underfull \hbox (badness 10000) in paragraph at lines 213--215
\T1/qtm/m/it/10 ity_assessment.data_types.TapeSpecs at-
 []


Underfull \hbox (badness 10000) in paragraph at lines 215--217
[]\T1/txtt/m/n/10 min_value \T1/qtm/m/n/10 (\T1/qtm/m/it/10 qual-ity_assessment
.data_types.TapeSpecs
 []


Underfull \hbox (badness 10000) in paragraph at lines 217--219
[]\T1/txtt/m/n/10 MINIMUM \T1/qtm/m/n/10 (\T1/qtm/m/it/10 qual-ity_assessment.d
ata_types.TestType
 []


Overfull \hbox (18.37184pt too wide) in paragraph at lines 224--225
[]| \T1/txtt/m/n/10 quality_assessment.tape_quality_information\T1/qtm/m/n/10 ,

 []


Overfull \hbox (67.91226pt too wide) in paragraph at lines 225--227
[]\T1/txtt/m/n/10 multi_cell() \T1/qtm/m/n/10 (\T1/qtm/m/it/10 qual-ity_assessm
ent.quality_pdf_report.DefectReportPDF
 []


Overfull \hbox (57.4123pt too wide) in paragraph at lines 230--232
[]\T1/txtt/m/n/10 new_path() \T1/qtm/m/n/10 (\T1/qtm/m/it/10 qual-ity_assessmen
t.quality_pdf_report.DefectReportPDF
 []


Underfull \hbox (badness 10000) in paragraph at lines 232--234
[]\T1/txtt/m/n/10 normalize_text() \T1/qtm/m/n/10 (\T1/qtm/m/it/10 qual-
 []


Overfull \hbox (22.23245pt too wide) in paragraph at lines 232--234
\T1/qtm/m/it/10 ity_assessment.quality_pdf_report.DefectReportPDF
 []


Overfull \hbox (36.41235pt too wide) in paragraph at lines 237--239
[]\T1/txtt/m/n/10 open() \T1/qtm/m/n/10 (\T1/qtm/m/it/10 qual-ity_assessment.qu
ality_pdf_report.DefectReportPDF
 []


Overfull \hbox (46.91232pt too wide) in paragraph at lines 239--241
[]\T1/txtt/m/n/10 output() \T1/qtm/m/n/10 (\T1/qtm/m/it/10 qual-ity_assessment.
quality_pdf_report.DefectReportPDF
 []


Overfull \hbox (8.85243pt too wide) in paragraph at lines 244--246
[]\T1/txtt/m/n/10 p_id \T1/qtm/m/n/10 (\T1/qtm/m/it/10 qual-ity_assessment.data
_types.QualityParameterInfo
 []


Overfull \hbox (52.16231pt too wide) in paragraph at lines 246--248
[]\T1/txtt/m/n/10 page_no() \T1/qtm/m/n/10 (\T1/qtm/m/it/10 qual-ity_assessment
.quality_pdf_report.DefectReportPDF
 []


Overfull \hbox (62.66228pt too wide) in paragraph at lines 248--250
[]\T1/txtt/m/n/10 pages_count \T1/qtm/m/n/10 (\T1/qtm/m/it/10 qual-ity_assessme
nt.quality_pdf_report.DefectReportPDF
 []


Underfull \hbox (badness 10000) in paragraph at lines 250--252
[]\T1/txtt/m/n/10 passed \T1/qtm/m/n/10 (\T1/qtm/m/it/10 qual-ity_assessment.da
ta_types.QualityReport
 []


Underfull \hbox (badness 10000) in paragraph at lines 253--255
[]\T1/txtt/m/n/10 plot_defects() \T1/qtm/m/n/10 (\T1/qtm/m/it/10 qual-
 []


Overfull \hbox (24.63249pt too wide) in paragraph at lines 253--255
\T1/qtm/m/it/10 ity_assessment.quality_assessor.TapeQualityAssessor
 []


Underfull \hbox (badness 10000) in paragraph at lines 255--257
[]\T1/txtt/m/n/10 plot_dropout_histogram() \T1/qtm/m/n/10 (\T1/qtm/m/it/10 qual
-
 []


Overfull \hbox (24.63249pt too wide) in paragraph at lines 255--257
\T1/qtm/m/it/10 ity_assessment.quality_assessor.TapeQualityAssessor
 []


Overfull \hbox (52.16231pt too wide) in paragraph at lines 257--259
[]\T1/txtt/m/n/10 polygon() \T1/qtm/m/n/10 (\T1/qtm/m/it/10 qual-ity_assessment
.quality_pdf_report.DefectReportPDF
 []


Overfull \hbox (57.4123pt too wide) in paragraph at lines 259--261
[]\T1/txtt/m/n/10 polyline() \T1/qtm/m/n/10 (\T1/qtm/m/it/10 qual-ity_assessmen
t.quality_pdf_report.DefectReportPDF
 []


Underfull \hbox (badness 10000) in paragraph at lines 261--263
[]\T1/txtt/m/n/10 print_reports() \T1/qtm/m/n/10 (\T1/qtm/m/it/10 qual-
 []


Overfull \hbox (24.63249pt too wide) in paragraph at lines 261--263
\T1/qtm/m/it/10 ity_assessment.quality_assessor.TapeQualityAssessor
 []


Underfull \hbox (badness 10000) in paragraph at lines 276--278
[]\T1/txtt/m/n/10 QualityParameterInfo \T1/qtm/m/n/10 (\T1/qtm/m/it/10 class in
 qual-
 []


Underfull \hbox (badness 10000) in paragraph at lines 278--279
[]\T1/txtt/m/n/10 QualityReport \T1/qtm/m/n/10 (\T1/qtm/m/it/10 class in qual-
 []


Overfull \hbox (36.41235pt too wide) in paragraph at lines 282--284
[]\T1/txtt/m/n/10 rect() \T1/qtm/m/n/10 (\T1/qtm/m/it/10 qual-ity_assessment.qu
ality_pdf_report.DefectReportPDF
 []

[61]
Overfull \hbox (62.66228pt too wide) in paragraph at lines 284--286
[]\T1/txtt/m/n/10 rect_clip() \T1/qtm/m/n/10 (\T1/qtm/m/it/10 qual-ity_assessme
nt.quality_pdf_report.DefectReportPDF
 []


Underfull \hbox (badness 10000) in paragraph at lines 286--288
[]\T1/txtt/m/n/10 regular_polygon() \T1/qtm/m/n/10 (\T1/qtm/m/it/10 qual-
 []


Overfull \hbox (22.23245pt too wide) in paragraph at lines 286--288
\T1/qtm/m/it/10 ity_assessment.quality_pdf_report.DefectReportPDF
 []


Underfull \hbox (badness 10000) in paragraph at lines 288--290
[]\T1/txtt/m/n/10 ReportPDFCreator \T1/qtm/m/n/10 (\T1/qtm/m/it/10 class in qua
l-
 []


Overfull \hbox (46.91232pt too wide) in paragraph at lines 290--292
[]\T1/txtt/m/n/10 rotate() \T1/qtm/m/n/10 (\T1/qtm/m/it/10 qual-ity_assessment.
quality_pdf_report.DefectReportPDF
 []


Overfull \hbox (57.4123pt too wide) in paragraph at lines 292--294
[]\T1/txtt/m/n/10 rotation() \T1/qtm/m/n/10 (\T1/qtm/m/it/10 qual-ity_assessmen
t.quality_pdf_report.DefectReportPDF
 []


Underfull \hbox (badness 10000) in paragraph at lines 297--299
[]\T1/txtt/m/n/10 save_pdf_report() \T1/qtm/m/n/10 (\T1/qtm/m/it/10 qual-
 []


Overfull \hbox (24.63249pt too wide) in paragraph at lines 297--299
\T1/qtm/m/it/10 ity_assessment.quality_assessor.TapeQualityAssessor
 []


Underfull \hbox (badness 10000) in paragraph at lines 299--301
[]\T1/txtt/m/n/10 save_report() \T1/qtm/m/n/10 (\T1/qtm/m/it/10 qual-
 []


Overfull \hbox (27.70244pt too wide) in paragraph at lines 299--301
\T1/qtm/m/it/10 ity_assessment.quality_pdf_report.ReportPDFCreator
 []


Underfull \hbox (badness 10000) in paragraph at lines 301--303
[]\T1/txtt/m/n/10 SCATTER \T1/qtm/m/n/10 (\T1/qtm/m/it/10 qual-ity_assessment.d
ata_types.TestType
 []


Overfull \hbox (108.55228pt too wide) in paragraph at lines 304--306
[]\T1/txtt/m/n/10 scattering \T1/qtm/m/n/10 (\T1/qtm/m/it/10 qual-ity_assessmen
t.tape_quality_information.TapeQualityInformation
 []


Overfull \hbox (67.91226pt too wide) in paragraph at lines 306--308
[]\T1/txtt/m/n/10 set_author() \T1/qtm/m/n/10 (\T1/qtm/m/it/10 qual-ity_assessm
ent.quality_pdf_report.DefectReportPDF
 []


Underfull \hbox (badness 10000) in paragraph at lines 308--310
[]\T1/txtt/m/n/10 set_auto_page_break() \T1/qtm/m/n/10 (\T1/qtm/m/it/10 qual-
 []


Overfull \hbox (22.23245pt too wide) in paragraph at lines 308--310
\T1/qtm/m/it/10 ity_assessment.quality_pdf_report.DefectReportPDF
 []


Underfull \hbox (badness 10000) in paragraph at lines 310--312
[]\T1/txtt/m/n/10 set_compression() \T1/qtm/m/n/10 (\T1/qtm/m/it/10 qual-
 []


Overfull \hbox (22.23245pt too wide) in paragraph at lines 310--312
\T1/qtm/m/it/10 ity_assessment.quality_pdf_report.DefectReportPDF
 []


Underfull \hbox (badness 10000) in paragraph at lines 312--314
[]\T1/txtt/m/n/10 set_creation_date() \T1/qtm/m/n/10 (\T1/qtm/m/it/10 qual-
 []


Overfull \hbox (22.23245pt too wide) in paragraph at lines 312--314
\T1/qtm/m/it/10 ity_assessment.quality_pdf_report.DefectReportPDF
 []


Underfull \hbox (badness 10000) in paragraph at lines 314--316
[]\T1/txtt/m/n/10 set_creator() \T1/qtm/m/n/10 (\T1/qtm/m/it/10 qual-
 []


Overfull \hbox (22.23245pt too wide) in paragraph at lines 314--316
\T1/qtm/m/it/10 ity_assessment.quality_pdf_report.DefectReportPDF
 []


Underfull \hbox (badness 10000) in paragraph at lines 316--318
[]\T1/txtt/m/n/10 set_dash_pattern() \T1/qtm/m/n/10 (\T1/qtm/m/it/10 qual-
 []


Overfull \hbox (22.23245pt too wide) in paragraph at lines 316--318
\T1/qtm/m/it/10 ity_assessment.quality_pdf_report.DefectReportPDF
 []


Underfull \hbox (badness 10000) in paragraph at lines 318--320
[]\T1/txtt/m/n/10 set_display_mode() \T1/qtm/m/n/10 (\T1/qtm/m/it/10 qual-
 []


Overfull \hbox (22.23245pt too wide) in paragraph at lines 318--320
\T1/qtm/m/it/10 ity_assessment.quality_pdf_report.DefectReportPDF
 []


Underfull \hbox (badness 10000) in paragraph at lines 320--322
[]\T1/txtt/m/n/10 set_doc_option() \T1/qtm/m/n/10 (\T1/qtm/m/it/10 qual-
 []


Overfull \hbox (22.23245pt too wide) in paragraph at lines 320--322
\T1/qtm/m/it/10 ity_assessment.quality_pdf_report.DefectReportPDF
 []


Underfull \hbox (badness 10000) in paragraph at lines 322--324
[]\T1/txtt/m/n/10 set_draw_color() \T1/qtm/m/n/10 (\T1/qtm/m/it/10 qual-
 []


Overfull \hbox (22.23245pt too wide) in paragraph at lines 322--324
\T1/qtm/m/it/10 ity_assessment.quality_pdf_report.DefectReportPDF
 []


Underfull \hbox (badness 10000) in paragraph at lines 324--326
[]\T1/txtt/m/n/10 set_fill_color() \T1/qtm/m/n/10 (\T1/qtm/m/it/10 qual-
 []


Overfull \hbox (22.23245pt too wide) in paragraph at lines 324--326
\T1/qtm/m/it/10 ity_assessment.quality_pdf_report.DefectReportPDF
 []


Overfull \hbox (57.4123pt too wide) in paragraph at lines 326--328
[]\T1/txtt/m/n/10 set_font() \T1/qtm/m/n/10 (\T1/qtm/m/it/10 qual-ity_assessmen
t.quality_pdf_report.DefectReportPDF
 []


Underfull \hbox (badness 10000) in paragraph at lines 328--330
[]\T1/txtt/m/n/10 set_font_size() \T1/qtm/m/n/10 (\T1/qtm/m/it/10 qual-
 []


Overfull \hbox (22.23245pt too wide) in paragraph at lines 328--330
\T1/qtm/m/it/10 ity_assessment.quality_pdf_report.DefectReportPDF
 []


Underfull \hbox (badness 10000) in paragraph at lines 330--332
[]\T1/txtt/m/n/10 set_image_filter() \T1/qtm/m/n/10 (\T1/qtm/m/it/10 qual-
 []


Overfull \hbox (22.23245pt too wide) in paragraph at lines 330--332
\T1/qtm/m/it/10 ity_assessment.quality_pdf_report.DefectReportPDF
 []


Underfull \hbox (badness 10000) in paragraph at lines 332--334
[]\T1/txtt/m/n/10 set_keywords() \T1/qtm/m/n/10 (\T1/qtm/m/it/10 qual-
 []


Overfull \hbox (22.23245pt too wide) in paragraph at lines 332--334
\T1/qtm/m/it/10 ity_assessment.quality_pdf_report.DefectReportPDF
 []


Overfull \hbox (57.4123pt too wide) in paragraph at lines 334--336
[]\T1/txtt/m/n/10 set_lang() \T1/qtm/m/n/10 (\T1/qtm/m/it/10 qual-ity_assessmen
t.quality_pdf_report.DefectReportPDF
 []


Underfull \hbox (badness 10000) in paragraph at lines 336--338
[]\T1/txtt/m/n/10 set_left_margin() \T1/qtm/m/n/10 (\T1/qtm/m/it/10 qual-
 []


Overfull \hbox (22.23245pt too wide) in paragraph at lines 336--338
\T1/qtm/m/it/10 ity_assessment.quality_pdf_report.DefectReportPDF
 []


Underfull \hbox (badness 10000) in paragraph at lines 338--340
[]\T1/txtt/m/n/10 set_line_width() \T1/qtm/m/n/10 (\T1/qtm/m/it/10 qual-
 []


Overfull \hbox (22.23245pt too wide) in paragraph at lines 338--340
\T1/qtm/m/it/10 ity_assessment.quality_pdf_report.DefectReportPDF
 []


Overfull \hbox (57.4123pt too wide) in paragraph at lines 340--342
[]\T1/txtt/m/n/10 set_link() \T1/qtm/m/n/10 (\T1/qtm/m/it/10 qual-ity_assessmen
t.quality_pdf_report.DefectReportPDF
 []


Overfull \hbox (67.91226pt too wide) in paragraph at lines 342--344
[]\T1/txtt/m/n/10 set_margin() \T1/qtm/m/n/10 (\T1/qtm/m/it/10 qual-ity_assessm
ent.quality_pdf_report.DefectReportPDF
 []


Underfull \hbox (badness 10000) in paragraph at lines 344--346
[]\T1/txtt/m/n/10 set_margins() \T1/qtm/m/n/10 (\T1/qtm/m/it/10 qual-
 []


Overfull \hbox (22.23245pt too wide) in paragraph at lines 344--346
\T1/qtm/m/it/10 ity_assessment.quality_pdf_report.DefectReportPDF
 []


Underfull \hbox (badness 10000) in paragraph at lines 346--348
[]\T1/txtt/m/n/10 set_producer() \T1/qtm/m/n/10 (\T1/qtm/m/it/10 qual-
 []


Overfull \hbox (22.23245pt too wide) in paragraph at lines 346--348
\T1/qtm/m/it/10 ity_assessment.quality_pdf_report.DefectReportPDF
 []


Underfull \hbox (badness 10000) in paragraph at lines 348--350
[]\T1/txtt/m/n/10 set_right_margin() \T1/qtm/m/n/10 (\T1/qtm/m/it/10 qual-
 []


Overfull \hbox (22.23245pt too wide) in paragraph at lines 348--350
\T1/qtm/m/it/10 ity_assessment.quality_pdf_report.DefectReportPDF
 []


Underfull \hbox (badness 10000) in paragraph at lines 350--352
[]\T1/txtt/m/n/10 set_section_title_styles() \T1/qtm/m/n/10 (\T1/qtm/m/it/10 qu
al-
 []


Overfull \hbox (22.23245pt too wide) in paragraph at lines 350--352
\T1/qtm/m/it/10 ity_assessment.quality_pdf_report.DefectReportPDF
 []


Underfull \hbox (badness 10000) in paragraph at lines 352--354
[]\T1/txtt/m/n/10 set_stretching() \T1/qtm/m/n/10 (\T1/qtm/m/it/10 qual-
 []


Overfull \hbox (22.23245pt too wide) in paragraph at lines 352--354
\T1/qtm/m/it/10 ity_assessment.quality_pdf_report.DefectReportPDF
 []


Underfull \hbox (badness 10000) in paragraph at lines 354--356
[]\T1/txtt/m/n/10 set_subject() \T1/qtm/m/n/10 (\T1/qtm/m/it/10 qual-
 []


Overfull \hbox (22.23245pt too wide) in paragraph at lines 354--356
\T1/qtm/m/it/10 ity_assessment.quality_pdf_report.DefectReportPDF
 []


Underfull \hbox (badness 10000) in paragraph at lines 356--358
[]\T1/txtt/m/n/10 set_text_color() \T1/qtm/m/n/10 (\T1/qtm/m/it/10 qual-
 []


Overfull \hbox (22.23245pt too wide) in paragraph at lines 356--358
\T1/qtm/m/it/10 ity_assessment.quality_pdf_report.DefectReportPDF
 []


Overfull \hbox (62.66228pt too wide) in paragraph at lines 358--360
[]\T1/txtt/m/n/10 set_title() \T1/qtm/m/n/10 (\T1/qtm/m/it/10 qual-ity_assessme
nt.quality_pdf_report.DefectReportPDF
 []


Underfull \hbox (badness 10000) in paragraph at lines 360--362
[]\T1/txtt/m/n/10 set_top_margin() \T1/qtm/m/n/10 (\T1/qtm/m/it/10 qual-
 []


Overfull \hbox (22.23245pt too wide) in paragraph at lines 360--362
\T1/qtm/m/it/10 ity_assessment.quality_pdf_report.DefectReportPDF
 []


Overfull \hbox (41.66234pt too wide) in paragraph at lines 362--364
[]\T1/txtt/m/n/10 set_x() \T1/qtm/m/n/10 (\T1/qtm/m/it/10 qual-ity_assessment.q
uality_pdf_report.DefectReportPDF
 []


Underfull \hbox (badness 10000) in paragraph at lines 364--366
[]\T1/txtt/m/n/10 set_xmp_metadata() \T1/qtm/m/n/10 (\T1/qtm/m/it/10 qual-
 []


Overfull \hbox (22.23245pt too wide) in paragraph at lines 364--366
\T1/qtm/m/it/10 ity_assessment.quality_pdf_report.DefectReportPDF
 []

[62]
Overfull \hbox (46.91232pt too wide) in paragraph at lines 366--368
[]\T1/txtt/m/n/10 set_xy() \T1/qtm/m/n/10 (\T1/qtm/m/it/10 qual-ity_assessment.
quality_pdf_report.DefectReportPDF
 []


Overfull \hbox (41.66234pt too wide) in paragraph at lines 368--370
[]\T1/txtt/m/n/10 set_y() \T1/qtm/m/n/10 (\T1/qtm/m/it/10 qual-ity_assessment.q
uality_pdf_report.DefectReportPDF
 []


Overfull \hbox (62.66228pt too wide) in paragraph at lines 370--372
[]\T1/txtt/m/n/10 solid_arc() \T1/qtm/m/n/10 (\T1/qtm/m/it/10 qual-ity_assessme
nt.quality_pdf_report.DefectReportPDF
 []


Underfull \hbox (badness 10000) in paragraph at lines 372--374
[]\T1/txtt/m/n/10 start_position \T1/qtm/m/n/10 (\T1/qtm/m/it/10 qual-
 []


Overfull \hbox (5.1725pt too wide) in paragraph at lines 372--374
\T1/qtm/m/it/10 ity_assessment.data_types.QualityParameterInfo
 []


Underfull \hbox (badness 10000) in paragraph at lines 374--376
[]\T1/txtt/m/n/10 start_position \T1/qtm/m/n/10 (\T1/qtm/m/it/10 qual-
 []


Underfull \hbox (badness 10000) in paragraph at lines 374--376
\T1/qtm/m/it/10 ity_assessment.data_types.TapeSection at-
 []


Underfull \hbox (badness 10000) in paragraph at lines 376--378
[]\T1/txtt/m/n/10 start_section() \T1/qtm/m/n/10 (\T1/qtm/m/it/10 qual-
 []


Overfull \hbox (22.23245pt too wide) in paragraph at lines 376--378
\T1/qtm/m/it/10 ity_assessment.quality_pdf_report.DefectReportPDF
 []


Underfull \hbox (badness 5231) in paragraph at lines 381--383
[]\T1/txtt/m/n/10 tape_id \T1/qtm/m/n/10 (\T1/qtm/m/it/10 qual-ity_assessment.d
ata_types.QualityReport
 []


Overfull \hbox (92.80232pt too wide) in paragraph at lines 383--385
[]\T1/txtt/m/n/10 tape_id \T1/qtm/m/n/10 (\T1/qtm/m/it/10 qual-ity_assessment.t
ape_quality_information.TapeQualityInformation
 []


Overfull \hbox (119.05225pt too wide) in paragraph at lines 385--387
[]\T1/txtt/m/n/10 tape_section \T1/qtm/m/n/10 (\T1/qtm/m/it/10 qual-ity_assessm
ent.tape_quality_information.TapeQualityInformation
 []


Underfull \hbox (badness 10000) in paragraph at lines 387--389
[]\T1/txtt/m/n/10 TapeQualityAssessor \T1/qtm/m/n/10 (\T1/qtm/m/it/10 class in 
qual-
 []


Underfull \hbox (badness 10000) in paragraph at lines 389--391
[]\T1/txtt/m/n/10 TapeQualityInformation \T1/qtm/m/n/10 (\T1/qtm/m/it/10 class 
in qual-
 []


Underfull \hbox (badness 10000) in paragraph at lines 389--391
\T1/qtm/m/it/10 ity_assessment.tape_quality_information\T1/qtm/m/n/10 ),
 []


Overfull \hbox (4.99236pt too wide) in paragraph at lines 393--395
[]\T1/txtt/m/n/10 test_type \T1/qtm/m/n/10 (\T1/qtm/m/it/10 qual-ity_assessment
.data_types.QualityReport
 []


Overfull \hbox (36.41235pt too wide) in paragraph at lines 396--398
[]\T1/txtt/m/n/10 text() \T1/qtm/m/n/10 (\T1/qtm/m/it/10 qual-ity_assessment.qu
ality_pdf_report.DefectReportPDF
 []


Underfull \hbox (badness 10000) in paragraph at lines 398--400
[]\T1/txtt/m/n/10 text_annotation() \T1/qtm/m/n/10 (\T1/qtm/m/it/10 qual-
 []


Overfull \hbox (22.23245pt too wide) in paragraph at lines 398--400
\T1/qtm/m/it/10 ity_assessment.quality_pdf_report.DefectReportPDF
 []


Overfull \hbox (57.4123pt too wide) in paragraph at lines 400--402
[]\T1/txtt/m/n/10 text_color \T1/qtm/m/n/10 (\T1/qtm/m/it/10 qual-ity_assessmen
t.quality_pdf_report.DefectReportPDF
 []


Underfull \hbox (badness 10000) in paragraph at lines 405--407
[]\T1/txtt/m/n/10 unbreakable() \T1/qtm/m/n/10 (\T1/qtm/m/it/10 qual-
 []


Overfull \hbox (22.23245pt too wide) in paragraph at lines 405--407
\T1/qtm/m/it/10 ity_assessment.quality_pdf_report.DefectReportPDF
 []


Overfull \hbox (52.16231pt too wide) in paragraph at lines 407--409
[]\T1/txtt/m/n/10 underline \T1/qtm/m/n/10 (\T1/qtm/m/it/10 qual-ity_assessment
.quality_pdf_report.DefectReportPDF
 []


Underfull \hbox (badness 10000) in paragraph at lines 409--411
[]\T1/txtt/m/n/10 unifontsubset \T1/qtm/m/n/10 (\T1/qtm/m/it/10 qual-
 []


Overfull \hbox (22.23245pt too wide) in paragraph at lines 409--411
\T1/qtm/m/it/10 ity_assessment.quality_pdf_report.DefectReportPDF
 []


Overfull \hbox (14.10242pt too wide) in paragraph at lines 414--416
[]\T1/txtt/m/n/10 value \T1/qtm/m/n/10 (\T1/qtm/m/it/10 qual-ity_assessment.dat
a_types.QualityParameterInfo
 []


Underfull \hbox (badness 10000) in paragraph at lines 419--421
[]\T1/txtt/m/n/10 width \T1/qtm/m/n/10 (\T1/qtm/m/it/10 qual-ity_assessment.dat
a_types.AveragesInfo
 []


Underfull \hbox (badness 10000) in paragraph at lines 421--423
[]\T1/txtt/m/n/10 width \T1/qtm/m/n/10 (\T1/qtm/m/it/10 qual-ity_assessment.dat
a_types.PeakInfo prop-
 []


Overfull \hbox (14.10242pt too wide) in paragraph at lines 423--425
[]\T1/txtt/m/n/10 width \T1/qtm/m/n/10 (\T1/qtm/m/it/10 qual-ity_assessment.dat
a_types.QualityParameterInfo
 []


Underfull \hbox (badness 10000) in paragraph at lines 427--429
[]\T1/txtt/m/n/10 width \T1/qtm/m/n/10 (\T1/qtm/m/it/10 qual-ity_assessment.dat
a_types.TapeSpecs at-
 []


Underfull \hbox (badness 10000) in paragraph at lines 429--431
[]\T1/txtt/m/n/10 width_from_true_baseline \T1/qtm/m/n/10 (\T1/qtm/m/it/10 qual
-
 []


Underfull \hbox (badness 10000) in paragraph at lines 429--431
\T1/qtm/m/it/10 ity_assessment.data_types.TapeSpecs at-
 []


Underfull \hbox (badness 10000) in paragraph at lines 431--433
[]\T1/txtt/m/n/10 will_page_break() \T1/qtm/m/n/10 (\T1/qtm/m/it/10 qual-
 []


Overfull \hbox (22.23245pt too wide) in paragraph at lines 431--433
\T1/qtm/m/it/10 ity_assessment.quality_pdf_report.DefectReportPDF
 []


Overfull \hbox (41.66234pt too wide) in paragraph at lines 433--435
[]\T1/txtt/m/n/10 write() \T1/qtm/m/n/10 (\T1/qtm/m/it/10 qual-ity_assessment.q
uality_pdf_report.DefectReportPDF
 []

[63]) (./qualityassessment.aux)
Package rerunfilecheck Info: File `qualityassessment.out' has not changed.
(rerunfilecheck)             Checksum: 8F52225F752BE57A8889A02047341250;36366.
 ) 
Here is how much of TeX's memory you used:
 15764 strings out of 478276
 299612 string characters out of 5846490
 655559 words of memory out of 5000000
 33135 multiletter control sequences out of 15000+600000
 521315 words of font info for 71 fonts, out of 8000000 for 9000
 1142 hyphenation exceptions out of 8191
 70i,12n,76p,1337b,1074s stack positions out of 5000i,500n,10000p,200000b,80000s
{/usr/local/texlive/2021/texmf-dist/fonts/enc/dvips/tex-gyre/q-ec.enc}{/usr/l
ocal/texlive/2021/texmf-dist/fonts/enc/dvips/tex-gyre/q-ts1.enc}</usr/local/tex
live/2021/texmf-dist/fonts/type1/public/amsfonts/cm/cmsy10.pfb></usr/local/texl
ive/2021/texmf-dist/fonts/type1/public/tex-gyre/qhvb.pfb></usr/local/texlive/20
21/texmf-dist/fonts/type1/public/tex-gyre/qhvbi.pfb></usr/local/texlive/2021/te
xmf-dist/fonts/type1/public/tex-gyre/qhvr.pfb></usr/local/texlive/2021/texmf-di
st/fonts/type1/public/tex-gyre/qtmb.pfb></usr/local/texlive/2021/texmf-dist/fon
ts/type1/public/tex-gyre/qtmr.pfb></usr/local/texlive/2021/texmf-dist/fonts/typ
e1/public/tex-gyre/qtmri.pfb></usr/local/texlive/2021/texmf-dist/fonts/type1/pu
blic/txfonts/t1xbtt.pfb></usr/local/texlive/2021/texmf-dist/fonts/type1/public/
txfonts/t1xbtt.pfb></usr/local/texlive/2021/texmf-dist/fonts/type1/public/txfon
ts/t1xtt.pfb></usr/local/texlive/2021/texmf-dist/fonts/type1/public/txfonts/t1x
tt.pfb></usr/local/texlive/2021/texmf-dist/fonts/type1/public/txfonts/tcxbtt.pf
b>
Output written on qualityassessment.pdf (69 pages, 343061 bytes).
PDF statistics:
 2059 PDF objects out of 2073 (max. 8388607)
 1948 compressed objects within 20 object streams
 472 named destinations out of 1000 (max. 500000)
 1525 words of extra memory for PDF output out of 10000 (max. 10000000)

