\BOOKMARK [0][-]{chapter.1}{\376\377\000q\000u\000a\000l\000i\000t\000y\000\137\000a\000s\000s\000e\000s\000s\000m\000e\000n\000t\000.\000t\000a\000p\000e\000\137\000q\000u\000a\000l\000i\000t\000y\000\137\000i\000n\000f\000o\000r\000m\000a\000t\000i\000o\000n}{}% 1
\BOOKMARK [1][-]{section.1.1}{\376\377\000T\000a\000p\000e\000Q\000u\000a\000l\000i\000t\000y\000I\000n\000f\000o\000r\000m\000a\000t\000i\000o\000n}{chapter.1}% 2
\BOOKMARK [2][-]{subsection.1.1.1}{\376\377\000T\000a\000p\000e\000Q\000u\000a\000l\000i\000t\000y\000I\000n\000f\000o\000r\000m\000a\000t\000i\000o\000n\000.\000t\000a\000p\000e\000\137\000s\000e\000c\000t\000i\000o\000n}{section.1.1}% 3
\BOOKMARK [2][-]{subsection.1.1.2}{\376\377\000T\000a\000p\000e\000Q\000u\000a\000l\000i\000t\000y\000I\000n\000f\000o\000r\000m\000a\000t\000i\000o\000n\000.\000d\000a\000t\000a}{section.1.1}% 4
\BOOKMARK [2][-]{subsection.1.1.3}{\376\377\000T\000a\000p\000e\000Q\000u\000a\000l\000i\000t\000y\000I\000n\000f\000o\000r\000m\000a\000t\000i\000o\000n\000.\000t\000a\000p\000e\000\137\000i\000d}{section.1.1}% 5
\BOOKMARK [2][-]{subsection.1.1.4}{\376\377\000T\000a\000p\000e\000Q\000u\000a\000l\000i\000t\000y\000I\000n\000f\000o\000r\000m\000a\000t\000i\000o\000n\000.\000e\000x\000p\000e\000c\000t\000e\000d\000\137\000a\000v\000e\000r\000a\000g\000e}{section.1.1}% 6
\BOOKMARK [2][-]{subsection.1.1.5}{\376\377\000T\000a\000p\000e\000Q\000u\000a\000l\000i\000t\000y\000I\000n\000f\000o\000r\000m\000a\000t\000i\000o\000n\000.\000a\000v\000e\000r\000a\000g\000e\000s}{section.1.1}% 7
\BOOKMARK [2][-]{subsection.1.1.6}{\376\377\000T\000a\000p\000e\000Q\000u\000a\000l\000i\000t\000y\000I\000n\000f\000o\000r\000m\000a\000t\000i\000o\000n\000.\000s\000c\000a\000t\000t\000e\000r\000i\000n\000g}{section.1.1}% 8
\BOOKMARK [2][-]{subsection.1.1.7}{\376\377\000T\000a\000p\000e\000Q\000u\000a\000l\000i\000t\000y\000I\000n\000f\000o\000r\000m\000a\000t\000i\000o\000n\000.\000d\000r\000o\000p\000o\000u\000t\000s}{section.1.1}% 9
\BOOKMARK [2][-]{subsection.1.1.8}{\376\377\000T\000a\000p\000e\000Q\000u\000a\000l\000i\000t\000y\000I\000n\000f\000o\000r\000m\000a\000t\000i\000o\000n\000.\000\137\000\137\000i\000n\000i\000t\000\137\000\137}{section.1.1}% 10
\BOOKMARK [2][-]{subsection.1.1.9}{\376\377\000T\000a\000p\000e\000Q\000u\000a\000l\000i\000t\000y\000I\000n\000f\000o\000r\000m\000a\000t\000i\000o\000n\000.\000c\000a\000l\000c\000u\000l\000a\000t\000e\000\137\000d\000r\000o\000p\000\137\000o\000u\000t\000\137\000i\000n\000f\000o}{section.1.1}% 11
\BOOKMARK [2][-]{subsection.1.1.10}{\376\377\000T\000a\000p\000e\000Q\000u\000a\000l\000i\000t\000y\000I\000n\000f\000o\000r\000m\000a\000t\000i\000o\000n\000.\000c\000a\000l\000c\000u\000l\000a\000t\000e\000\137\000s\000t\000a\000t\000i\000s\000i\000t\000c\000s}{section.1.1}% 12
\BOOKMARK [0][-]{chapter.2}{\376\377\000q\000u\000a\000l\000i\000t\000y\000\137\000a\000s\000s\000e\000s\000s\000m\000e\000n\000t\000.\000q\000u\000a\000l\000i\000t\000y\000\137\000a\000s\000s\000e\000s\000s\000o\000r}{}% 13
\BOOKMARK [1][-]{section.2.1}{\376\377\000T\000a\000p\000e\000Q\000u\000a\000l\000i\000t\000y\000A\000s\000s\000e\000s\000s\000o\000r}{chapter.2}% 14
\BOOKMARK [2][-]{subsection.2.1.1}{\376\377\000T\000a\000p\000e\000Q\000u\000a\000l\000i\000t\000y\000A\000s\000s\000e\000s\000s\000o\000r\000.\000\137\000\137\000i\000n\000i\000t\000\137\000\137}{section.2.1}% 15
\BOOKMARK [2][-]{subsection.2.1.2}{\376\377\000T\000a\000p\000e\000Q\000u\000a\000l\000i\000t\000y\000A\000s\000s\000e\000s\000s\000o\000r\000.\000a\000s\000s\000e\000s\000s\000\137\000a\000v\000e\000r\000a\000g\000e\000\137\000v\000a\000l\000u\000e}{section.2.1}% 16
\BOOKMARK [2][-]{subsection.2.1.3}{\376\377\000T\000a\000p\000e\000Q\000u\000a\000l\000i\000t\000y\000A\000s\000s\000e\000s\000s\000o\000r\000.\000a\000s\000s\000e\000s\000s\000\137\000d\000r\000o\000p\000o\000u\000t\000s}{section.2.1}% 17
\BOOKMARK [2][-]{subsection.2.1.4}{\376\377\000T\000a\000p\000e\000Q\000u\000a\000l\000i\000t\000y\000A\000s\000s\000e\000s\000s\000o\000r\000.\000a\000s\000s\000e\000s\000s\000\137\000m\000e\000e\000t\000s\000\137\000s\000p\000e\000c\000s}{section.2.1}% 18
\BOOKMARK [2][-]{subsection.2.1.5}{\376\377\000T\000a\000p\000e\000Q\000u\000a\000l\000i\000t\000y\000A\000s\000s\000e\000s\000s\000o\000r\000.\000a\000s\000s\000e\000s\000s\000\137\000m\000i\000n\000\137\000v\000a\000l\000u\000e}{section.2.1}% 19
\BOOKMARK [2][-]{subsection.2.1.6}{\376\377\000T\000a\000p\000e\000Q\000u\000a\000l\000i\000t\000y\000A\000s\000s\000e\000s\000s\000o\000r\000.\000d\000e\000t\000e\000r\000m\000i\000n\000e\000\137\000o\000k\000\137\000t\000a\000p\000e\000\137\000s\000e\000c\000t\000i\000o\000n}{section.2.1}% 20
\BOOKMARK [2][-]{subsection.2.1.7}{\376\377\000T\000a\000p\000e\000Q\000u\000a\000l\000i\000t\000y\000A\000s\000s\000e\000s\000s\000o\000r\000.\000p\000l\000o\000t\000\137\000d\000e\000f\000e\000c\000t\000s}{section.2.1}% 21
\BOOKMARK [2][-]{subsection.2.1.8}{\376\377\000T\000a\000p\000e\000Q\000u\000a\000l\000i\000t\000y\000A\000s\000s\000e\000s\000s\000o\000r\000.\000p\000l\000o\000t\000\137\000d\000r\000o\000p\000o\000u\000t\000\137\000h\000i\000s\000t\000o\000g\000r\000a\000m}{section.2.1}% 22
\BOOKMARK [2][-]{subsection.2.1.9}{\376\377\000T\000a\000p\000e\000Q\000u\000a\000l\000i\000t\000y\000A\000s\000s\000e\000s\000s\000o\000r\000.\000p\000r\000i\000n\000t\000\137\000r\000e\000p\000o\000r\000t\000s}{section.2.1}% 23
\BOOKMARK [2][-]{subsection.2.1.10}{\376\377\000T\000a\000p\000e\000Q\000u\000a\000l\000i\000t\000y\000A\000s\000s\000e\000s\000s\000o\000r\000.\000s\000a\000v\000e\000\137\000p\000d\000f\000\137\000r\000e\000p\000o\000r\000t}{section.2.1}% 24
\BOOKMARK [1][-]{section.2.2}{\376\377\000e\000x\000c\000e\000c\000u\000t\000e\000\137\000a\000s\000s\000e\000s\000s\000m\000e\000n\000t}{chapter.2}% 25
\BOOKMARK [1][-]{section.2.3}{\376\377\000m\000a\000i\000n}{chapter.2}% 26
\BOOKMARK [0][-]{chapter.3}{\376\377\000q\000u\000a\000l\000i\000t\000y\000\137\000a\000s\000s\000e\000s\000s\000m\000e\000n\000t\000.\000h\000e\000l\000p\000e\000r}{}% 27
\BOOKMARK [1][-]{section.3.1}{\376\377\000l\000o\000a\000d\000\137\000d\000a\000t\000a}{chapter.3}% 28
\BOOKMARK [0][-]{chapter.4}{\376\377\000q\000u\000a\000l\000i\000t\000y\000\137\000a\000s\000s\000e\000s\000s\000m\000e\000n\000t\000.\000q\000u\000a\000l\000i\000t\000y\000\137\000p\000d\000f\000\137\000r\000e\000p\000o\000r\000t}{}% 29
\BOOKMARK [1][-]{section.4.1}{\376\377\000D\000e\000f\000e\000c\000t\000R\000e\000p\000o\000r\000t\000P\000D\000F}{chapter.4}% 30
\BOOKMARK [2][-]{subsection.4.1.1}{\376\377\000D\000e\000f\000e\000c\000t\000R\000e\000p\000o\000r\000t\000P\000D\000F\000.\000M\000A\000R\000K\000D\000O\000W\000N\000\137\000B\000O\000L\000D\000\137\000M\000A\000R\000K\000E\000R}{section.4.1}% 31
\BOOKMARK [2][-]{subsection.4.1.2}{\376\377\000D\000e\000f\000e\000c\000t\000R\000e\000p\000o\000r\000t\000P\000D\000F\000.\000M\000A\000R\000K\000D\000O\000W\000N\000\137\000I\000T\000A\000L\000I\000C\000S\000\137\000M\000A\000R\000K\000E\000R}{section.4.1}% 32
\BOOKMARK [2][-]{subsection.4.1.3}{\376\377\000D\000e\000f\000e\000c\000t\000R\000e\000p\000o\000r\000t\000P\000D\000F\000.\000M\000A\000R\000K\000D\000O\000W\000N\000\137\000U\000N\000D\000E\000R\000L\000I\000N\000E\000\137\000M\000A\000R\000K\000E\000R}{section.4.1}% 33
\BOOKMARK [2][-]{subsection.4.1.4}{\376\377\000D\000e\000f\000e\000c\000t\000R\000e\000p\000o\000r\000t\000P\000D\000F\000.\000a\000c\000c\000e\000p\000t\000\137\000p\000a\000g\000e\000\137\000b\000r\000e\000a\000k}{section.4.1}% 34
\BOOKMARK [2][-]{subsection.4.1.5}{\376\377\000D\000e\000f\000e\000c\000t\000R\000e\000p\000o\000r\000t\000P\000D\000F\000.\000d\000a\000s\000h\000\137\000p\000a\000t\000t\000e\000r\000n}{section.4.1}% 35
\BOOKMARK [2][-]{subsection.4.1.6}{\376\377\000D\000e\000f\000e\000c\000t\000R\000e\000p\000o\000r\000t\000P\000D\000F\000.\000d\000r\000a\000w\000\137\000c\000o\000l\000o\000r}{section.4.1}% 36
\BOOKMARK [2][-]{subsection.4.1.7}{\376\377\000D\000e\000f\000e\000c\000t\000R\000e\000p\000o\000r\000t\000P\000D\000F\000.\000e\000p\000h}{section.4.1}% 37
\BOOKMARK [2][-]{subsection.4.1.8}{\376\377\000D\000e\000f\000e\000c\000t\000R\000e\000p\000o\000r\000t\000P\000D\000F\000.\000e\000p\000w}{section.4.1}% 38
\BOOKMARK [2][-]{subsection.4.1.9}{\376\377\000D\000e\000f\000e\000c\000t\000R\000e\000p\000o\000r\000t\000P\000D\000F\000.\000f\000i\000l\000l\000\137\000c\000o\000l\000o\000r}{section.4.1}% 39
\BOOKMARK [2][-]{subsection.4.1.10}{\376\377\000D\000e\000f\000e\000c\000t\000R\000e\000p\000o\000r\000t\000P\000D\000F\000.\000f\000o\000n\000t\000\137\000f\000a\000m\000i\000l\000y}{section.4.1}% 40
\BOOKMARK [2][-]{subsection.4.1.11}{\376\377\000D\000e\000f\000e\000c\000t\000R\000e\000p\000o\000r\000t\000P\000D\000F\000.\000f\000o\000n\000t\000\137\000s\000i\000z\000e}{section.4.1}% 41
\BOOKMARK [2][-]{subsection.4.1.12}{\376\377\000D\000e\000f\000e\000c\000t\000R\000e\000p\000o\000r\000t\000P\000D\000F\000.\000f\000o\000n\000t\000\137\000s\000i\000z\000e\000\137\000p\000t}{section.4.1}% 42
\BOOKMARK [2][-]{subsection.4.1.13}{\376\377\000D\000e\000f\000e\000c\000t\000R\000e\000p\000o\000r\000t\000P\000D\000F\000.\000f\000o\000n\000t\000\137\000s\000t\000r\000e\000t\000c\000h\000i\000n\000g}{section.4.1}% 43
\BOOKMARK [2][-]{subsection.4.1.14}{\376\377\000D\000e\000f\000e\000c\000t\000R\000e\000p\000o\000r\000t\000P\000D\000F\000.\000f\000o\000n\000t\000\137\000s\000t\000y\000l\000e}{section.4.1}% 44
\BOOKMARK [2][-]{subsection.4.1.15}{\376\377\000D\000e\000f\000e\000c\000t\000R\000e\000p\000o\000r\000t\000P\000D\000F\000.\000l\000i\000n\000e\000\137\000w\000i\000d\000t\000h}{section.4.1}% 45
\BOOKMARK [2][-]{subsection.4.1.16}{\376\377\000D\000e\000f\000e\000c\000t\000R\000e\000p\000o\000r\000t\000P\000D\000F\000.\000p\000a\000g\000e\000s\000\137\000c\000o\000u\000n\000t}{section.4.1}% 46
\BOOKMARK [2][-]{subsection.4.1.17}{\376\377\000D\000e\000f\000e\000c\000t\000R\000e\000p\000o\000r\000t\000P\000D\000F\000.\000t\000e\000x\000t\000\137\000c\000o\000l\000o\000r}{section.4.1}% 47
\BOOKMARK [2][-]{subsection.4.1.18}{\376\377\000D\000e\000f\000e\000c\000t\000R\000e\000p\000o\000r\000t\000P\000D\000F\000.\000u\000n\000d\000e\000r\000l\000i\000n\000e}{section.4.1}% 48
\BOOKMARK [2][-]{subsection.4.1.19}{\376\377\000D\000e\000f\000e\000c\000t\000R\000e\000p\000o\000r\000t\000P\000D\000F\000.\000u\000n\000i\000f\000o\000n\000t\000s\000u\000b\000s\000e\000t}{section.4.1}% 49
\BOOKMARK [2][-]{subsection.4.1.20}{\376\377\000D\000e\000f\000e\000c\000t\000R\000e\000p\000o\000r\000t\000P\000D\000F\000.\000\137\000\137\000i\000n\000i\000t\000\137\000\137}{section.4.1}% 50
\BOOKMARK [2][-]{subsection.4.1.21}{\376\377\000D\000e\000f\000e\000c\000t\000R\000e\000p\000o\000r\000t\000P\000D\000F\000.\000a\000d\000d\000\137\000a\000c\000t\000i\000o\000n}{section.4.1}% 51
\BOOKMARK [2][-]{subsection.4.1.22}{\376\377\000D\000e\000f\000e\000c\000t\000R\000e\000p\000o\000r\000t\000P\000D\000F\000.\000a\000d\000d\000\137\000f\000o\000n\000t}{section.4.1}% 52
\BOOKMARK [2][-]{subsection.4.1.23}{\376\377\000D\000e\000f\000e\000c\000t\000R\000e\000p\000o\000r\000t\000P\000D\000F\000.\000a\000d\000d\000\137\000l\000i\000n\000k}{section.4.1}% 53
\BOOKMARK [2][-]{subsection.4.1.24}{\376\377\000D\000e\000f\000e\000c\000t\000R\000e\000p\000o\000r\000t\000P\000D\000F\000.\000a\000d\000d\000\137\000p\000a\000g\000e}{section.4.1}% 54
\BOOKMARK [2][-]{subsection.4.1.25}{\376\377\000D\000e\000f\000e\000c\000t\000R\000e\000p\000o\000r\000t\000P\000D\000F\000.\000a\000l\000i\000a\000s\000\137\000n\000b\000\137\000p\000a\000g\000e\000s}{section.4.1}% 55
\BOOKMARK [2][-]{subsection.4.1.26}{\376\377\000D\000e\000f\000e\000c\000t\000R\000e\000p\000o\000r\000t\000P\000D\000F\000.\000a\000r\000c}{section.4.1}% 56
\BOOKMARK [2][-]{subsection.4.1.27}{\376\377\000D\000e\000f\000e\000c\000t\000R\000e\000p\000o\000r\000t\000P\000D\000F\000.\000c\000e\000l\000l}{section.4.1}% 57
\BOOKMARK [2][-]{subsection.4.1.28}{\376\377\000D\000e\000f\000e\000c\000t\000R\000e\000p\000o\000r\000t\000P\000D\000F\000.\000c\000i\000r\000c\000l\000e}{section.4.1}% 58
\BOOKMARK [2][-]{subsection.4.1.29}{\376\377\000D\000e\000f\000e\000c\000t\000R\000e\000p\000o\000r\000t\000P\000D\000F\000.\000c\000l\000o\000s\000e}{section.4.1}% 59
\BOOKMARK [2][-]{subsection.4.1.30}{\376\377\000D\000e\000f\000e\000c\000t\000R\000e\000p\000o\000r\000t\000P\000D\000F\000.\000c\000o\000d\000e\0003\0009}{section.4.1}% 60
\BOOKMARK [2][-]{subsection.4.1.31}{\376\377\000D\000e\000f\000e\000c\000t\000R\000e\000p\000o\000r\000t\000P\000D\000F\000.\000d\000a\000s\000h\000e\000d\000\137\000l\000i\000n\000e}{section.4.1}% 61
\BOOKMARK [2][-]{subsection.4.1.32}{\376\377\000D\000e\000f\000e\000c\000t\000R\000e\000p\000o\000r\000t\000P\000D\000F\000.\000d\000r\000a\000w\000\137\000p\000a\000t\000h}{section.4.1}% 62
\BOOKMARK [2][-]{subsection.4.1.33}{\376\377\000D\000e\000f\000e\000c\000t\000R\000e\000p\000o\000r\000t\000P\000D\000F\000.\000d\000r\000a\000w\000i\000n\000g\000\137\000c\000o\000n\000t\000e\000x\000t}{section.4.1}% 63
\BOOKMARK [2][-]{subsection.4.1.34}{\376\377\000D\000e\000f\000e\000c\000t\000R\000e\000p\000o\000r\000t\000P\000D\000F\000.\000e\000l\000l\000i\000p\000s\000e}{section.4.1}% 64
\BOOKMARK [2][-]{subsection.4.1.35}{\376\377\000D\000e\000f\000e\000c\000t\000R\000e\000p\000o\000r\000t\000P\000D\000F\000.\000f\000o\000o\000t\000e\000r}{section.4.1}% 65
\BOOKMARK [2][-]{subsection.4.1.36}{\376\377\000D\000e\000f\000e\000c\000t\000R\000e\000p\000o\000r\000t\000P\000D\000F\000.\000g\000e\000t\000\137\000n\000o\000r\000m\000a\000l\000i\000z\000e\000d\000\137\000s\000t\000r\000i\000n\000g\000\137\000w\000i\000d\000t\000h\000\137\000w\000i\000t\000h\000\137\000s\000t\000y\000l\000e}{section.4.1}% 66
\BOOKMARK [2][-]{subsection.4.1.37}{\376\377\000D\000e\000f\000e\000c\000t\000R\000e\000p\000o\000r\000t\000P\000D\000F\000.\000g\000e\000t\000\137\000s\000t\000r\000i\000n\000g\000\137\000w\000i\000d\000t\000h}{section.4.1}% 67
\BOOKMARK [2][-]{subsection.4.1.38}{\376\377\000D\000e\000f\000e\000c\000t\000R\000e\000p\000o\000r\000t\000P\000D\000F\000.\000g\000e\000t\000\137\000x}{section.4.1}% 68
\BOOKMARK [2][-]{subsection.4.1.39}{\376\377\000D\000e\000f\000e\000c\000t\000R\000e\000p\000o\000r\000t\000P\000D\000F\000.\000g\000e\000t\000\137\000y}{section.4.1}% 69
\BOOKMARK [2][-]{subsection.4.1.40}{\376\377\000D\000e\000f\000e\000c\000t\000R\000e\000p\000o\000r\000t\000P\000D\000F\000.\000h\000e\000a\000d\000e\000r}{section.4.1}% 70
\BOOKMARK [2][-]{subsection.4.1.41}{\376\377\000D\000e\000f\000e\000c\000t\000R\000e\000p\000o\000r\000t\000P\000D\000F\000.\000i\000m\000a\000g\000e}{section.4.1}% 71
\BOOKMARK [2][-]{subsection.4.1.42}{\376\377\000D\000e\000f\000e\000c\000t\000R\000e\000p\000o\000r\000t\000P\000D\000F\000.\000i\000n\000s\000e\000r\000t\000\137\000t\000o\000c\000\137\000p\000l\000a\000c\000e\000h\000o\000l\000d\000e\000r}{section.4.1}% 72
\BOOKMARK [2][-]{subsection.4.1.43}{\376\377\000D\000e\000f\000e\000c\000t\000R\000e\000p\000o\000r\000t\000P\000D\000F\000.\000i\000n\000t\000e\000r\000l\000e\000a\000v\000e\000d\0002\000o\000f\0005}{section.4.1}% 73
\BOOKMARK [2][-]{subsection.4.1.44}{\376\377\000D\000e\000f\000e\000c\000t\000R\000e\000p\000o\000r\000t\000P\000D\000F\000.\000l\000i\000n\000e}{section.4.1}% 74
\BOOKMARK [2][-]{subsection.4.1.45}{\376\377\000D\000e\000f\000e\000c\000t\000R\000e\000p\000o\000r\000t\000P\000D\000F\000.\000l\000i\000n\000k}{section.4.1}% 75
\BOOKMARK [2][-]{subsection.4.1.46}{\376\377\000D\000e\000f\000e\000c\000t\000R\000e\000p\000o\000r\000t\000P\000D\000F\000.\000l\000n}{section.4.1}% 76
\BOOKMARK [2][-]{subsection.4.1.47}{\376\377\000D\000e\000f\000e\000c\000t\000R\000e\000p\000o\000r\000t\000P\000D\000F\000.\000l\000o\000c\000a\000l\000\137\000c\000o\000n\000t\000e\000x\000t}{section.4.1}% 77
\BOOKMARK [2][-]{subsection.4.1.48}{\376\377\000D\000e\000f\000e\000c\000t\000R\000e\000p\000o\000r\000t\000P\000D\000F\000.\000m\000u\000l\000t\000i\000\137\000c\000e\000l\000l}{section.4.1}% 78
\BOOKMARK [2][-]{subsection.4.1.49}{\376\377\000D\000e\000f\000e\000c\000t\000R\000e\000p\000o\000r\000t\000P\000D\000F\000.\000n\000e\000w\000\137\000p\000a\000t\000h}{section.4.1}% 79
\BOOKMARK [2][-]{subsection.4.1.50}{\376\377\000D\000e\000f\000e\000c\000t\000R\000e\000p\000o\000r\000t\000P\000D\000F\000.\000n\000o\000r\000m\000a\000l\000i\000z\000e\000\137\000t\000e\000x\000t}{section.4.1}% 80
\BOOKMARK [2][-]{subsection.4.1.51}{\376\377\000D\000e\000f\000e\000c\000t\000R\000e\000p\000o\000r\000t\000P\000D\000F\000.\000o\000p\000e\000n}{section.4.1}% 81
\BOOKMARK [2][-]{subsection.4.1.52}{\376\377\000D\000e\000f\000e\000c\000t\000R\000e\000p\000o\000r\000t\000P\000D\000F\000.\000o\000u\000t\000p\000u\000t}{section.4.1}% 82
\BOOKMARK [2][-]{subsection.4.1.53}{\376\377\000D\000e\000f\000e\000c\000t\000R\000e\000p\000o\000r\000t\000P\000D\000F\000.\000p\000a\000g\000e\000\137\000n\000o}{section.4.1}% 83
\BOOKMARK [2][-]{subsection.4.1.54}{\376\377\000D\000e\000f\000e\000c\000t\000R\000e\000p\000o\000r\000t\000P\000D\000F\000.\000p\000o\000l\000y\000g\000o\000n}{section.4.1}% 84
\BOOKMARK [2][-]{subsection.4.1.55}{\376\377\000D\000e\000f\000e\000c\000t\000R\000e\000p\000o\000r\000t\000P\000D\000F\000.\000p\000o\000l\000y\000l\000i\000n\000e}{section.4.1}% 85
\BOOKMARK [2][-]{subsection.4.1.56}{\376\377\000D\000e\000f\000e\000c\000t\000R\000e\000p\000o\000r\000t\000P\000D\000F\000.\000r\000e\000c\000t}{section.4.1}% 86
\BOOKMARK [2][-]{subsection.4.1.57}{\376\377\000D\000e\000f\000e\000c\000t\000R\000e\000p\000o\000r\000t\000P\000D\000F\000.\000r\000e\000c\000t\000\137\000c\000l\000i\000p}{section.4.1}% 87
\BOOKMARK [2][-]{subsection.4.1.58}{\376\377\000D\000e\000f\000e\000c\000t\000R\000e\000p\000o\000r\000t\000P\000D\000F\000.\000r\000e\000g\000u\000l\000a\000r\000\137\000p\000o\000l\000y\000g\000o\000n}{section.4.1}% 88
\BOOKMARK [2][-]{subsection.4.1.59}{\376\377\000D\000e\000f\000e\000c\000t\000R\000e\000p\000o\000r\000t\000P\000D\000F\000.\000r\000o\000t\000a\000t\000e}{section.4.1}% 89
\BOOKMARK [2][-]{subsection.4.1.60}{\376\377\000D\000e\000f\000e\000c\000t\000R\000e\000p\000o\000r\000t\000P\000D\000F\000.\000r\000o\000t\000a\000t\000i\000o\000n}{section.4.1}% 90
\BOOKMARK [2][-]{subsection.4.1.61}{\376\377\000D\000e\000f\000e\000c\000t\000R\000e\000p\000o\000r\000t\000P\000D\000F\000.\000s\000e\000t\000\137\000a\000u\000t\000h\000o\000r}{section.4.1}% 91
\BOOKMARK [2][-]{subsection.4.1.62}{\376\377\000D\000e\000f\000e\000c\000t\000R\000e\000p\000o\000r\000t\000P\000D\000F\000.\000s\000e\000t\000\137\000a\000u\000t\000o\000\137\000p\000a\000g\000e\000\137\000b\000r\000e\000a\000k}{section.4.1}% 92
\BOOKMARK [2][-]{subsection.4.1.63}{\376\377\000D\000e\000f\000e\000c\000t\000R\000e\000p\000o\000r\000t\000P\000D\000F\000.\000s\000e\000t\000\137\000c\000o\000m\000p\000r\000e\000s\000s\000i\000o\000n}{section.4.1}% 93
\BOOKMARK [2][-]{subsection.4.1.64}{\376\377\000D\000e\000f\000e\000c\000t\000R\000e\000p\000o\000r\000t\000P\000D\000F\000.\000s\000e\000t\000\137\000c\000r\000e\000a\000t\000i\000o\000n\000\137\000d\000a\000t\000e}{section.4.1}% 94
\BOOKMARK [2][-]{subsection.4.1.65}{\376\377\000D\000e\000f\000e\000c\000t\000R\000e\000p\000o\000r\000t\000P\000D\000F\000.\000s\000e\000t\000\137\000c\000r\000e\000a\000t\000o\000r}{section.4.1}% 95
\BOOKMARK [2][-]{subsection.4.1.66}{\376\377\000D\000e\000f\000e\000c\000t\000R\000e\000p\000o\000r\000t\000P\000D\000F\000.\000s\000e\000t\000\137\000d\000a\000s\000h\000\137\000p\000a\000t\000t\000e\000r\000n}{section.4.1}% 96
\BOOKMARK [2][-]{subsection.4.1.67}{\376\377\000D\000e\000f\000e\000c\000t\000R\000e\000p\000o\000r\000t\000P\000D\000F\000.\000s\000e\000t\000\137\000d\000i\000s\000p\000l\000a\000y\000\137\000m\000o\000d\000e}{section.4.1}% 97
\BOOKMARK [2][-]{subsection.4.1.68}{\376\377\000D\000e\000f\000e\000c\000t\000R\000e\000p\000o\000r\000t\000P\000D\000F\000.\000s\000e\000t\000\137\000d\000o\000c\000\137\000o\000p\000t\000i\000o\000n}{section.4.1}% 98
\BOOKMARK [2][-]{subsection.4.1.69}{\376\377\000D\000e\000f\000e\000c\000t\000R\000e\000p\000o\000r\000t\000P\000D\000F\000.\000s\000e\000t\000\137\000d\000r\000a\000w\000\137\000c\000o\000l\000o\000r}{section.4.1}% 99
\BOOKMARK [2][-]{subsection.4.1.70}{\376\377\000D\000e\000f\000e\000c\000t\000R\000e\000p\000o\000r\000t\000P\000D\000F\000.\000s\000e\000t\000\137\000f\000i\000l\000l\000\137\000c\000o\000l\000o\000r}{section.4.1}% 100
\BOOKMARK [2][-]{subsection.4.1.71}{\376\377\000D\000e\000f\000e\000c\000t\000R\000e\000p\000o\000r\000t\000P\000D\000F\000.\000s\000e\000t\000\137\000f\000o\000n\000t}{section.4.1}% 101
\BOOKMARK [2][-]{subsection.4.1.72}{\376\377\000D\000e\000f\000e\000c\000t\000R\000e\000p\000o\000r\000t\000P\000D\000F\000.\000s\000e\000t\000\137\000f\000o\000n\000t\000\137\000s\000i\000z\000e}{section.4.1}% 102
\BOOKMARK [2][-]{subsection.4.1.73}{\376\377\000D\000e\000f\000e\000c\000t\000R\000e\000p\000o\000r\000t\000P\000D\000F\000.\000s\000e\000t\000\137\000i\000m\000a\000g\000e\000\137\000f\000i\000l\000t\000e\000r}{section.4.1}% 103
\BOOKMARK [2][-]{subsection.4.1.74}{\376\377\000D\000e\000f\000e\000c\000t\000R\000e\000p\000o\000r\000t\000P\000D\000F\000.\000s\000e\000t\000\137\000k\000e\000y\000w\000o\000r\000d\000s}{section.4.1}% 104
\BOOKMARK [2][-]{subsection.4.1.75}{\376\377\000D\000e\000f\000e\000c\000t\000R\000e\000p\000o\000r\000t\000P\000D\000F\000.\000s\000e\000t\000\137\000l\000a\000n\000g}{section.4.1}% 105
\BOOKMARK [2][-]{subsection.4.1.76}{\376\377\000D\000e\000f\000e\000c\000t\000R\000e\000p\000o\000r\000t\000P\000D\000F\000.\000s\000e\000t\000\137\000l\000e\000f\000t\000\137\000m\000a\000r\000g\000i\000n}{section.4.1}% 106
\BOOKMARK [2][-]{subsection.4.1.77}{\376\377\000D\000e\000f\000e\000c\000t\000R\000e\000p\000o\000r\000t\000P\000D\000F\000.\000s\000e\000t\000\137\000l\000i\000n\000e\000\137\000w\000i\000d\000t\000h}{section.4.1}% 107
\BOOKMARK [2][-]{subsection.4.1.78}{\376\377\000D\000e\000f\000e\000c\000t\000R\000e\000p\000o\000r\000t\000P\000D\000F\000.\000s\000e\000t\000\137\000l\000i\000n\000k}{section.4.1}% 108
\BOOKMARK [2][-]{subsection.4.1.79}{\376\377\000D\000e\000f\000e\000c\000t\000R\000e\000p\000o\000r\000t\000P\000D\000F\000.\000s\000e\000t\000\137\000m\000a\000r\000g\000i\000n}{section.4.1}% 109
\BOOKMARK [2][-]{subsection.4.1.80}{\376\377\000D\000e\000f\000e\000c\000t\000R\000e\000p\000o\000r\000t\000P\000D\000F\000.\000s\000e\000t\000\137\000m\000a\000r\000g\000i\000n\000s}{section.4.1}% 110
\BOOKMARK [2][-]{subsection.4.1.81}{\376\377\000D\000e\000f\000e\000c\000t\000R\000e\000p\000o\000r\000t\000P\000D\000F\000.\000s\000e\000t\000\137\000p\000r\000o\000d\000u\000c\000e\000r}{section.4.1}% 111
\BOOKMARK [2][-]{subsection.4.1.82}{\376\377\000D\000e\000f\000e\000c\000t\000R\000e\000p\000o\000r\000t\000P\000D\000F\000.\000s\000e\000t\000\137\000r\000i\000g\000h\000t\000\137\000m\000a\000r\000g\000i\000n}{section.4.1}% 112
\BOOKMARK [2][-]{subsection.4.1.83}{\376\377\000D\000e\000f\000e\000c\000t\000R\000e\000p\000o\000r\000t\000P\000D\000F\000.\000s\000e\000t\000\137\000s\000e\000c\000t\000i\000o\000n\000\137\000t\000i\000t\000l\000e\000\137\000s\000t\000y\000l\000e\000s}{section.4.1}% 113
\BOOKMARK [2][-]{subsection.4.1.84}{\376\377\000D\000e\000f\000e\000c\000t\000R\000e\000p\000o\000r\000t\000P\000D\000F\000.\000s\000e\000t\000\137\000s\000t\000r\000e\000t\000c\000h\000i\000n\000g}{section.4.1}% 114
\BOOKMARK [2][-]{subsection.4.1.85}{\376\377\000D\000e\000f\000e\000c\000t\000R\000e\000p\000o\000r\000t\000P\000D\000F\000.\000s\000e\000t\000\137\000s\000u\000b\000j\000e\000c\000t}{section.4.1}% 115
\BOOKMARK [2][-]{subsection.4.1.86}{\376\377\000D\000e\000f\000e\000c\000t\000R\000e\000p\000o\000r\000t\000P\000D\000F\000.\000s\000e\000t\000\137\000t\000e\000x\000t\000\137\000c\000o\000l\000o\000r}{section.4.1}% 116
\BOOKMARK [2][-]{subsection.4.1.87}{\376\377\000D\000e\000f\000e\000c\000t\000R\000e\000p\000o\000r\000t\000P\000D\000F\000.\000s\000e\000t\000\137\000t\000i\000t\000l\000e}{section.4.1}% 117
\BOOKMARK [2][-]{subsection.4.1.88}{\376\377\000D\000e\000f\000e\000c\000t\000R\000e\000p\000o\000r\000t\000P\000D\000F\000.\000s\000e\000t\000\137\000t\000o\000p\000\137\000m\000a\000r\000g\000i\000n}{section.4.1}% 118
\BOOKMARK [2][-]{subsection.4.1.89}{\376\377\000D\000e\000f\000e\000c\000t\000R\000e\000p\000o\000r\000t\000P\000D\000F\000.\000s\000e\000t\000\137\000x}{section.4.1}% 119
\BOOKMARK [2][-]{subsection.4.1.90}{\376\377\000D\000e\000f\000e\000c\000t\000R\000e\000p\000o\000r\000t\000P\000D\000F\000.\000s\000e\000t\000\137\000x\000m\000p\000\137\000m\000e\000t\000a\000d\000a\000t\000a}{section.4.1}% 120
\BOOKMARK [2][-]{subsection.4.1.91}{\376\377\000D\000e\000f\000e\000c\000t\000R\000e\000p\000o\000r\000t\000P\000D\000F\000.\000s\000e\000t\000\137\000x\000y}{section.4.1}% 121
\BOOKMARK [2][-]{subsection.4.1.92}{\376\377\000D\000e\000f\000e\000c\000t\000R\000e\000p\000o\000r\000t\000P\000D\000F\000.\000s\000e\000t\000\137\000y}{section.4.1}% 122
\BOOKMARK [2][-]{subsection.4.1.93}{\376\377\000D\000e\000f\000e\000c\000t\000R\000e\000p\000o\000r\000t\000P\000D\000F\000.\000s\000o\000l\000i\000d\000\137\000a\000r\000c}{section.4.1}% 123
\BOOKMARK [2][-]{subsection.4.1.94}{\376\377\000D\000e\000f\000e\000c\000t\000R\000e\000p\000o\000r\000t\000P\000D\000F\000.\000s\000t\000a\000r\000t\000\137\000s\000e\000c\000t\000i\000o\000n}{section.4.1}% 124
\BOOKMARK [2][-]{subsection.4.1.95}{\376\377\000D\000e\000f\000e\000c\000t\000R\000e\000p\000o\000r\000t\000P\000D\000F\000.\000t\000e\000x\000t}{section.4.1}% 125
\BOOKMARK [2][-]{subsection.4.1.96}{\376\377\000D\000e\000f\000e\000c\000t\000R\000e\000p\000o\000r\000t\000P\000D\000F\000.\000t\000e\000x\000t\000\137\000a\000n\000n\000o\000t\000a\000t\000i\000o\000n}{section.4.1}% 126
\BOOKMARK [2][-]{subsection.4.1.97}{\376\377\000D\000e\000f\000e\000c\000t\000R\000e\000p\000o\000r\000t\000P\000D\000F\000.\000u\000n\000b\000r\000e\000a\000k\000a\000b\000l\000e}{section.4.1}% 127
\BOOKMARK [2][-]{subsection.4.1.98}{\376\377\000D\000e\000f\000e\000c\000t\000R\000e\000p\000o\000r\000t\000P\000D\000F\000.\000w\000i\000l\000l\000\137\000p\000a\000g\000e\000\137\000b\000r\000e\000a\000k}{section.4.1}% 128
\BOOKMARK [2][-]{subsection.4.1.99}{\376\377\000D\000e\000f\000e\000c\000t\000R\000e\000p\000o\000r\000t\000P\000D\000F\000.\000w\000r\000i\000t\000e}{section.4.1}% 129
\BOOKMARK [1][-]{section.4.2}{\376\377\000R\000e\000p\000o\000r\000t\000P\000D\000F\000C\000r\000e\000a\000t\000o\000r}{chapter.4}% 130
\BOOKMARK [2][-]{subsection.4.2.1}{\376\377\000R\000e\000p\000o\000r\000t\000P\000D\000F\000C\000r\000e\000a\000t\000o\000r\000.\000\137\000\137\000i\000n\000i\000t\000\137\000\137}{section.4.2}% 131
\BOOKMARK [2][-]{subsection.4.2.2}{\376\377\000R\000e\000p\000o\000r\000t\000P\000D\000F\000C\000r\000e\000a\000t\000o\000r\000.\000c\000r\000e\000a\000t\000e\000\137\000r\000e\000p\000o\000r\000t}{section.4.2}% 132
\BOOKMARK [2][-]{subsection.4.2.3}{\376\377\000R\000e\000p\000o\000r\000t\000P\000D\000F\000C\000r\000e\000a\000t\000o\000r\000.\000s\000a\000v\000e\000\137\000r\000e\000p\000o\000r\000t}{section.4.2}% 133
\BOOKMARK [1][-]{section.4.3}{\376\377\000m\000a\000i\000n}{chapter.4}% 134
\BOOKMARK [0][-]{chapter.5}{\376\377\000q\000u\000a\000l\000i\000t\000y\000\137\000a\000s\000s\000e\000s\000s\000m\000e\000n\000t\000.\000d\000a\000t\000a\000\137\000t\000y\000p\000e\000s}{}% 135
\BOOKMARK [1][-]{section.5.1}{\376\377\000A\000v\000e\000r\000a\000g\000e\000s\000I\000n\000f\000o}{chapter.5}% 136
\BOOKMARK [2][-]{subsection.5.1.1}{\376\377\000A\000v\000e\000r\000a\000g\000e\000s\000I\000n\000f\000o\000.\000c\000e\000n\000t\000e\000r\000\137\000p\000o\000s\000i\000t\000i\000o\000n}{section.5.1}% 137
\BOOKMARK [2][-]{subsection.5.1.2}{\376\377\000A\000v\000e\000r\000a\000g\000e\000s\000I\000n\000f\000o\000.\000d\000e\000s\000c\000r\000i\000p\000t\000i\000o\000n}{section.5.1}% 138
\BOOKMARK [2][-]{subsection.5.1.3}{\376\377\000A\000v\000e\000r\000a\000g\000e\000s\000I\000n\000f\000o\000.\000w\000i\000d\000t\000h}{section.5.1}% 139
\BOOKMARK [2][-]{subsection.5.1.4}{\376\377\000A\000v\000e\000r\000a\000g\000e\000s\000I\000n\000f\000o\000.\000\137\000\137\000i\000n\000i\000t\000\137\000\137}{section.5.1}% 140
\BOOKMARK [1][-]{section.5.2}{\376\377\000P\000e\000a\000k\000I\000n\000f\000o}{chapter.5}% 141
\BOOKMARK [2][-]{subsection.5.2.1}{\376\377\000P\000e\000a\000k\000I\000n\000f\000o\000.\000d\000e\000s\000c\000r\000i\000p\000t\000i\000o\000n}{section.5.2}% 142
\BOOKMARK [2][-]{subsection.5.2.2}{\376\377\000P\000e\000a\000k\000I\000n\000f\000o\000.\000w\000i\000d\000t\000h}{section.5.2}% 143
\BOOKMARK [2][-]{subsection.5.2.3}{\376\377\000P\000e\000a\000k\000I\000n\000f\000o\000.\000\137\000\137\000i\000n\000i\000t\000\137\000\137}{section.5.2}% 144
\BOOKMARK [1][-]{section.5.3}{\376\377\000Q\000u\000a\000l\000i\000t\000y\000P\000a\000r\000a\000m\000e\000t\000e\000r\000I\000n\000f\000o}{chapter.5}% 145
\BOOKMARK [2][-]{subsection.5.3.1}{\376\377\000Q\000u\000a\000l\000i\000t\000y\000P\000a\000r\000a\000m\000e\000t\000e\000r\000I\000n\000f\000o\000.\000p\000\137\000i\000d}{section.5.3}% 146
\BOOKMARK [2][-]{subsection.5.3.2}{\376\377\000Q\000u\000a\000l\000i\000t\000y\000P\000a\000r\000a\000m\000e\000t\000e\000r\000I\000n\000f\000o\000.\000s\000t\000a\000r\000t\000\137\000p\000o\000s\000i\000t\000i\000o\000n}{section.5.3}% 147
\BOOKMARK [2][-]{subsection.5.3.3}{\376\377\000Q\000u\000a\000l\000i\000t\000y\000P\000a\000r\000a\000m\000e\000t\000e\000r\000I\000n\000f\000o\000.\000e\000n\000d\000\137\000p\000o\000s\000i\000t\000i\000o\000n}{section.5.3}% 148
\BOOKMARK [2][-]{subsection.5.3.4}{\376\377\000Q\000u\000a\000l\000i\000t\000y\000P\000a\000r\000a\000m\000e\000t\000e\000r\000I\000n\000f\000o\000.\000c\000e\000n\000t\000e\000r\000\137\000p\000o\000s\000i\000t\000i\000o\000n}{section.5.3}% 149
\BOOKMARK [2][-]{subsection.5.3.5}{\376\377\000Q\000u\000a\000l\000i\000t\000y\000P\000a\000r\000a\000m\000e\000t\000e\000r\000I\000n\000f\000o\000.\000w\000i\000d\000t\000h}{section.5.3}% 150
\BOOKMARK [2][-]{subsection.5.3.6}{\376\377\000Q\000u\000a\000l\000i\000t\000y\000P\000a\000r\000a\000m\000e\000t\000e\000r\000I\000n\000f\000o\000.\000v\000a\000l\000u\000e}{section.5.3}% 151
\BOOKMARK [2][-]{subsection.5.3.7}{\376\377\000Q\000u\000a\000l\000i\000t\000y\000P\000a\000r\000a\000m\000e\000t\000e\000r\000I\000n\000f\000o\000.\000d\000e\000s\000c\000r\000i\000p\000t\000i\000o\000n}{section.5.3}% 152
\BOOKMARK [2][-]{subsection.5.3.8}{\376\377\000Q\000u\000a\000l\000i\000t\000y\000P\000a\000r\000a\000m\000e\000t\000e\000r\000I\000n\000f\000o\000.\000\137\000\137\000i\000n\000i\000t\000\137\000\137}{section.5.3}% 153
\BOOKMARK [1][-]{section.5.4}{\376\377\000Q\000u\000a\000l\000i\000t\000y\000R\000e\000p\000o\000r\000t}{chapter.5}% 154
\BOOKMARK [2][-]{subsection.5.4.1}{\376\377\000Q\000u\000a\000l\000i\000t\000y\000R\000e\000p\000o\000r\000t\000.\000f\000a\000i\000l\000\137\000i\000n\000f\000o\000r\000m\000a\000t\000i\000o\000n}{section.5.4}% 155
\BOOKMARK [2][-]{subsection.5.4.2}{\376\377\000Q\000u\000a\000l\000i\000t\000y\000R\000e\000p\000o\000r\000t\000.\000p\000a\000s\000s\000e\000d}{section.5.4}% 156
\BOOKMARK [2][-]{subsection.5.4.3}{\376\377\000Q\000u\000a\000l\000i\000t\000y\000R\000e\000p\000o\000r\000t\000.\000t\000a\000p\000e\000\137\000i\000d}{section.5.4}% 157
\BOOKMARK [2][-]{subsection.5.4.4}{\376\377\000Q\000u\000a\000l\000i\000t\000y\000R\000e\000p\000o\000r\000t\000.\000t\000e\000s\000t\000\137\000t\000y\000p\000e}{section.5.4}% 158
\BOOKMARK [2][-]{subsection.5.4.5}{\376\377\000Q\000u\000a\000l\000i\000t\000y\000R\000e\000p\000o\000r\000t\000.\000\137\000\137\000i\000n\000i\000t\000\137\000\137}{section.5.4}% 159
\BOOKMARK [1][-]{section.5.5}{\376\377\000S\000c\000a\000t\000t\000e\000r\000I\000n\000f\000o}{chapter.5}% 160
\BOOKMARK [2][-]{subsection.5.5.1}{\376\377\000S\000c\000a\000t\000t\000e\000r\000I\000n\000f\000o\000.\000c\000e\000n\000t\000e\000r\000\137\000p\000o\000s\000i\000t\000i\000o\000n}{section.5.5}% 161
\BOOKMARK [2][-]{subsection.5.5.2}{\376\377\000S\000c\000a\000t\000t\000e\000r\000I\000n\000f\000o\000.\000d\000e\000s\000c\000r\000i\000p\000t\000i\000o\000n}{section.5.5}% 162
\BOOKMARK [2][-]{subsection.5.5.3}{\376\377\000S\000c\000a\000t\000t\000e\000r\000I\000n\000f\000o\000.\000w\000i\000d\000t\000h}{section.5.5}% 163
\BOOKMARK [2][-]{subsection.5.5.4}{\376\377\000S\000c\000a\000t\000t\000e\000r\000I\000n\000f\000o\000.\000\137\000\137\000i\000n\000i\000t\000\137\000\137}{section.5.5}% 164
\BOOKMARK [1][-]{section.5.6}{\376\377\000T\000a\000p\000e\000S\000e\000c\000t\000i\000o\000n}{chapter.5}% 165
\BOOKMARK [2][-]{subsection.5.6.1}{\376\377\000T\000a\000p\000e\000S\000e\000c\000t\000i\000o\000n\000.\000l\000e\000n\000g\000t\000h}{section.5.6}% 166
\BOOKMARK [2][-]{subsection.5.6.2}{\376\377\000T\000a\000p\000e\000S\000e\000c\000t\000i\000o\000n\000.\000s\000t\000a\000r\000t\000\137\000p\000o\000s\000i\000t\000i\000o\000n}{section.5.6}% 167
\BOOKMARK [2][-]{subsection.5.6.3}{\376\377\000T\000a\000p\000e\000S\000e\000c\000t\000i\000o\000n\000.\000e\000n\000d\000\137\000p\000o\000s\000i\000t\000i\000o\000n}{section.5.6}% 168
\BOOKMARK [2][-]{subsection.5.6.4}{\376\377\000T\000a\000p\000e\000S\000e\000c\000t\000i\000o\000n\000.\000\137\000\137\000i\000n\000i\000t\000\137\000\137}{section.5.6}% 169
\BOOKMARK [1][-]{section.5.7}{\376\377\000T\000a\000p\000e\000S\000p\000e\000c\000s}{chapter.5}% 170
\BOOKMARK [2][-]{subsection.5.7.1}{\376\377\000T\000a\000p\000e\000S\000p\000e\000c\000s\000.\000w\000i\000d\000t\000h}{section.5.7}% 171
\BOOKMARK [2][-]{subsection.5.7.2}{\376\377\000T\000a\000p\000e\000S\000p\000e\000c\000s\000.\000m\000i\000n\000\137\000t\000a\000p\000e\000\137\000l\000e\000n\000g\000t\000h}{section.5.7}% 172
\BOOKMARK [2][-]{subsection.5.7.3}{\376\377\000T\000a\000p\000e\000S\000p\000e\000c\000s\000.\000m\000i\000n\000\137\000v\000a\000l\000u\000e}{section.5.7}% 173
\BOOKMARK [2][-]{subsection.5.7.4}{\376\377\000T\000a\000p\000e\000S\000p\000e\000c\000s\000.\000d\000r\000o\000p\000o\000u\000t\000\137\000v\000a\000l\000u\000e}{section.5.7}% 174
\BOOKMARK [2][-]{subsection.5.7.5}{\376\377\000T\000a\000p\000e\000S\000p\000e\000c\000s\000.\000d\000r\000o\000p\000o\000u\000t\000\137\000f\000u\000n\000c}{section.5.7}% 175
\BOOKMARK [2][-]{subsection.5.7.6}{\376\377\000T\000a\000p\000e\000S\000p\000e\000c\000s\000.\000w\000i\000d\000t\000h\000\137\000f\000r\000o\000m\000\137\000t\000r\000u\000e\000\137\000b\000a\000s\000e\000l\000i\000n\000e}{section.5.7}% 176
\BOOKMARK [2][-]{subsection.5.7.7}{\376\377\000T\000a\000p\000e\000S\000p\000e\000c\000s\000.\000m\000i\000n\000\137\000a\000v\000e\000r\000a\000g\000e}{section.5.7}% 177
\BOOKMARK [2][-]{subsection.5.7.8}{\376\377\000T\000a\000p\000e\000S\000p\000e\000c\000s\000.\000a\000v\000e\000r\000a\000g\000i\000n\000g\000\137\000l\000e\000n\000g\000t\000h}{section.5.7}% 178
\BOOKMARK [2][-]{subsection.5.7.9}{\376\377\000T\000a\000p\000e\000S\000p\000e\000c\000s\000.\000d\000e\000s\000c\000r\000i\000p\000t\000i\000o\000n}{section.5.7}% 179
\BOOKMARK [2][-]{subsection.5.7.10}{\376\377\000T\000a\000p\000e\000S\000p\000e\000c\000s\000.\000\137\000\137\000i\000n\000i\000t\000\137\000\137}{section.5.7}% 180
\BOOKMARK [1][-]{section.5.8}{\376\377\000T\000e\000s\000t\000T\000y\000p\000e}{chapter.5}% 181
\BOOKMARK [2][-]{subsection.5.8.1}{\376\377\000T\000e\000s\000t\000T\000y\000p\000e\000.\000A\000V\000E\000R\000A\000G\000E}{section.5.8}% 182
\BOOKMARK [2][-]{subsection.5.8.2}{\376\377\000T\000e\000s\000t\000T\000y\000p\000e\000.\000S\000C\000A\000T\000T\000E\000R}{section.5.8}% 183
\BOOKMARK [2][-]{subsection.5.8.3}{\376\377\000T\000e\000s\000t\000T\000y\000p\000e\000.\000M\000I\000N\000I\000M\000U\000M}{section.5.8}% 184
\BOOKMARK [2][-]{subsection.5.8.4}{\376\377\000T\000e\000s\000t\000T\000y\000p\000e\000.\000D\000R\000O\000P\000O\000U\000T}{section.5.8}% 185
\BOOKMARK [0][-]{chapter.6}{\376\377\000q\000u\000a\000l\000i\000t\000y\000\137\000a\000s\000s\000e\000s\000s\000m\000e\000n\000t\000.\000p\000r\000o\000d\000u\000c\000t\000s}{}% 186
\BOOKMARK [1][-]{section.6.1}{\376\377\000T\000a\000p\000e\000P\000r\000o\000d\000u\000c\000t}{chapter.6}% 187
\BOOKMARK [2][-]{subsection.6.1.1}{\376\377\000T\000a\000p\000e\000P\000r\000o\000d\000u\000c\000t\000.\000S\000U\000P\000E\000R\000L\000I\000N\000K\000\137\000P\000H\000A\000S\000E}{section.6.1}% 188
\BOOKMARK [2][-]{subsection.6.1.2}{\376\377\000T\000a\000p\000e\000P\000r\000o\000d\000u\000c\000t\000.\000S\000U\000P\000E\000R\000L\000I\000N\000K\000\137\000N\000E\000U\000T\000R\000A\000L}{section.6.1}% 189
\BOOKMARK [2][-]{subsection.6.1.3}{\376\377\000T\000a\000p\000e\000P\000r\000o\000d\000u\000c\000t\000.\000S\000U\000P\000E\000R\000L\000I\000N\000K\000\137\000P\000H\000A\000S\000E\000\137\000T\000E\000S\000T}{section.6.1}% 190
\BOOKMARK [2][-]{subsection.6.1.4}{\376\377\000T\000a\000p\000e\000P\000r\000o\000d\000u\000c\000t\000.\000S\000T\000A\000N\000D\000A\000R\000D\0001}{section.6.1}% 191
\BOOKMARK [2][-]{subsection.6.1.5}{\376\377\000T\000a\000p\000e\000P\000r\000o\000d\000u\000c\000t\000.\000S\000T\000A\000N\000D\000A\000R\000D\0002}{section.6.1}% 192
\BOOKMARK [2][-]{subsection.6.1.6}{\376\377\000T\000a\000p\000e\000P\000r\000o\000d\000u\000c\000t\000.\000S\000T\000A\000N\000D\000A\000R\000D\0003}{section.6.1}% 193
\BOOKMARK [0][-]{chapter.7}{\376\377\000I\000n\000d\000i\000c\000e\000s\000\040\000a\000n\000d\000\040\000t\000a\000b\000l\000e\000s}{}% 194
\BOOKMARK [0][-]{section*.196}{\376\377\000P\000y\000t\000h\000o\000n\000\040\000M\000o\000d\000u\000l\000e\000\040\000I\000n\000d\000e\000x}{}% 195
\BOOKMARK [0][-]{section*.197}{\376\377\000I\000n\000d\000e\000x}{}% 196
